94adccba-8099-49d9-937a-0051c782438c 304 ::1 GET /call-logs 159.396 [Mon, 11 Oct 2021 09:11:51 GMT] - [Mozilla/5.0 (Windows NT 10.0; Win64; x64) AppleWebKit/537.36 (KHTML, like Gecko) Chrome/94.0.4606.71 Safari/537.36]
acd54229-d112-4d3f-82f6-2a87bc53ff69 200 ::1 GET / 96.252 [Tue, 12 Oct 2021 10:41:17 GMT] - [Mozilla/5.0 (Windows NT 10.0; Win64; x64) AppleWebKit/537.36 (KHTML, like Gecko) Chrome/94.0.4606.71 Safari/537.36]
41b6b67b-d018-4100-9e2e-0945626b7b94 200 ::1 GET / 105.336 [Tue, 12 Oct 2021 10:44:40 GMT] - [Mozilla/5.0 (Windows NT 10.0; Win64; x64) AppleWebKit/537.36 (KHTML, like Gecko) Chrome/94.0.4606.71 Safari/537.36]
740fda73-9f0a-4f45-9561-aebe703fa25a 200 ::ffff:127.0.0.1 GET / 48.805 [Tue, 12 Oct 2021 10:46:40 GMT] - [Mozilla/5.0 (Windows NT 10.0; Win64; x64) AppleWebKit/537.36 (KHTML, like Gecko) Chrome/94.0.4606.71 Safari/537.36]
ede672e0-642c-41ba-ab22-fca37d3ad2aa 200 ::1 GET / 49.792 [Tue, 12 Oct 2021 10:47:44 GMT] - [Mozilla/5.0 (Windows NT 10.0; Win64; x64) AppleWebKit/537.36 (KHTML, like Gecko) Chrome/94.0.4606.71 Safari/537.36]
67ec6767-369a-41d3-ae8f-75d1692505b9 200 ::1 GET / 76.855 [Tue, 12 Oct 2021 10:59:38 GMT] - [Mozilla/5.0 (Windows NT 10.0; Win64; x64) AppleWebKit/537.36 (KHTML, like Gecko) Chrome/94.0.4606.71 Safari/537.36]
d6dfffc0-f4cb-40ad-b907-08492e261c38 200 ::1 GET / 114.338 [Tue, 12 Oct 2021 11:03:47 GMT] - [Mozilla/5.0 (Windows NT 10.0; Win64; x64) AppleWebKit/537.36 (KHTML, like Gecko) Chrome/94.0.4606.71 Safari/537.36]
bbead7fd-6cf1-41ca-92b7-c4fc4b3c0870 404 ::1 GET /bootstrap/js/bootstrap.bundle.min.js.map 9.837 [Tue, 12 Oct 2021 11:04:05 GMT] - [Mozilla/5.0 (Windows NT 10.0; Win64; x64) AppleWebKit/537.36 (KHTML, like Gecko) Chrome/94.0.4606.71 Safari/537.36]
65097b0b-1891-4c00-ab01-a16e8a74b43f 200 ::ffff:127.0.0.1 GET / 82.498 [Tue, 12 Oct 2021 11:07:52 GMT] - [Mozilla/5.0 (Windows NT 10.0; Win64; x64) AppleWebKit/537.36 (KHTML, like Gecko) Chrome/94.0.4606.71 Safari/537.36]
2051141a-8a52-49b2-b189-c96d8f778223 404 ::ffff:127.0.0.1 GET /bootstrap/js/bootstrap.bundle.min.js.map 8.607 [Tue, 12 Oct 2021 11:07:53 GMT] - [Mozilla/5.0 (Windows NT 10.0; Win64; x64) AppleWebKit/537.36 (KHTML, like Gecko) Chrome/94.0.4606.71 Safari/537.36]
85b68a70-50a9-4e44-9995-5ac1e18452f7 200 ::1 GET / 50.392 [Tue, 12 Oct 2021 11:11:08 GMT] - [Mozilla/5.0 (Windows NT 10.0; Win64; x64) AppleWebKit/537.36 (KHTML, like Gecko) Chrome/94.0.4606.71 Safari/537.36]
34df9aaa-6b24-464e-8060-7b75acf9139e 404 ::1 GET /bootstrap/js/bootstrap.bundle.min.js.map 13.195 [Tue, 12 Oct 2021 11:11:08 GMT] - [Mozilla/5.0 (Windows NT 10.0; Win64; x64) AppleWebKit/537.36 (KHTML, like Gecko) Chrome/94.0.4606.71 Safari/537.36]
d4625706-fc33-44ac-be95-d51253a0b6ad 200 ::1 GET / 69.464 [Tue, 12 Oct 2021 11:13:54 GMT] - [Mozilla/5.0 (Windows NT 10.0; Win64; x64) AppleWebKit/537.36 (KHTML, like Gecko) Chrome/94.0.4606.71 Safari/537.36]
d769013b-e4fb-4218-9de9-e439e76db8e3 404 ::1 GET /bootstrap/js/bootstrap.bundle.min.js.map 19.317 [Tue, 12 Oct 2021 11:13:55 GMT] - [Mozilla/5.0 (Windows NT 10.0; Win64; x64) AppleWebKit/537.36 (KHTML, like Gecko) Chrome/94.0.4606.71 Safari/537.36]
3daf22c1-0fff-4a30-a3e7-ee37eb9226fd 200 ::1 GET / 115.974 [Tue, 12 Oct 2021 11:21:43 GMT] - [Mozilla/5.0 (Windows NT 10.0; Win64; x64) AppleWebKit/537.36 (KHTML, like Gecko) Chrome/94.0.4606.71 Safari/537.36]
7e059ad6-5990-42c3-95de-82e75bbb253a 404 ::1 GET /bootstrap/js/bootstrap.bundle.min.js.map 9.679 [Tue, 12 Oct 2021 11:21:43 GMT] - [Mozilla/5.0 (Windows NT 10.0; Win64; x64) AppleWebKit/537.36 (KHTML, like Gecko) Chrome/94.0.4606.71 Safari/537.36]
c284799d-1ba9-46b6-af44-82353e0e8064 200 ::1 GET / 70.686 [Tue, 12 Oct 2021 11:23:39 GMT] - [Mozilla/5.0 (Windows NT 10.0; Win64; x64) AppleWebKit/537.36 (KHTML, like Gecko) Chrome/94.0.4606.71 Safari/537.36]
400d392e-773c-411c-9fc5-5b0475ca97e2 404 ::1 GET /bootstrap/js/bootstrap.bundle.min.js.map 16.754 [Tue, 12 Oct 2021 11:23:40 GMT] - [Mozilla/5.0 (Windows NT 10.0; Win64; x64) AppleWebKit/537.36 (KHTML, like Gecko) Chrome/94.0.4606.71 Safari/537.36]
d181b248-8c9b-445c-828a-8afda7ff1851 200 ::1 GET / 26.424 [Tue, 12 Oct 2021 11:23:42 GMT] - [Mozilla/5.0 (Windows NT 10.0; Win64; x64) AppleWebKit/537.36 (KHTML, like Gecko) Chrome/94.0.4606.71 Safari/537.36]
1ecb1eec-3537-4b7b-93a6-6330de3b74cf 404 ::1 GET /bootstrap/js/bootstrap.bundle.min.js.map 9.905 [Tue, 12 Oct 2021 11:23:42 GMT] - [Mozilla/5.0 (Windows NT 10.0; Win64; x64) AppleWebKit/537.36 (KHTML, like Gecko) Chrome/94.0.4606.71 Safari/537.36]
11e5c15e-3baf-47af-8034-30eeccf18e20 200 ::1 GET / 38.579 [Tue, 12 Oct 2021 11:23:55 GMT] - [Mozilla/5.0 (Windows NT 10.0; Win64; x64) AppleWebKit/537.36 (KHTML, like Gecko) Chrome/94.0.4606.71 Safari/537.36]
47d9b85e-82ca-4c8e-ad4f-f054bfe3b4a6 404 ::1 GET /bootstrap/js/bootstrap.bundle.min.js.map 16.825 [Tue, 12 Oct 2021 11:23:55 GMT] - [Mozilla/5.0 (Windows NT 10.0; Win64; x64) AppleWebKit/537.36 (KHTML, like Gecko) Chrome/94.0.4606.71 Safari/537.36]
9887bb4c-3cb2-4bf0-bcc7-52c1c54375aa 200 ::1 GET / 58.979 [Tue, 12 Oct 2021 11:24:41 GMT] - [Mozilla/5.0 (Windows NT 10.0; Win64; x64) AppleWebKit/537.36 (KHTML, like Gecko) Chrome/94.0.4606.71 Safari/537.36]
86132eb6-7433-4413-a007-5c0108023f45 404 ::1 GET /bootstrap/js/bootstrap.bundle.min.js.map 19.750 [Tue, 12 Oct 2021 11:24:41 GMT] - [Mozilla/5.0 (Windows NT 10.0; Win64; x64) AppleWebKit/537.36 (KHTML, like Gecko) Chrome/94.0.4606.71 Safari/537.36]
c7fc7729-82b7-4728-b768-e61b83f4eda4 200 ::1 GET / 71.167 [Tue, 12 Oct 2021 11:24:46 GMT] - [Mozilla/5.0 (Windows NT 10.0; Win64; x64) AppleWebKit/537.36 (KHTML, like Gecko) Chrome/94.0.4606.71 Safari/537.36]
9a7cdeb1-57e0-4242-a917-50841b7a661e 404 ::1 GET /bootstrap/js/bootstrap.bundle.min.js.map 16.517 [Tue, 12 Oct 2021 11:24:46 GMT] - [Mozilla/5.0 (Windows NT 10.0; Win64; x64) AppleWebKit/537.36 (KHTML, like Gecko) Chrome/94.0.4606.71 Safari/537.36]
df7dc113-c152-4eb2-b574-5c09b74c5f9b 200 ::1 GET / 31.350 [Tue, 12 Oct 2021 11:25:41 GMT] - [Mozilla/5.0 (Windows NT 10.0; Win64; x64) AppleWebKit/537.36 (KHTML, like Gecko) Chrome/94.0.4606.71 Safari/537.36]
7f77456e-5273-411a-8c83-fb60edab52dd 404 ::1 GET /bootstrap/js/bootstrap.bundle.min.js.map 15.102 [Tue, 12 Oct 2021 11:25:41 GMT] - [Mozilla/5.0 (Windows NT 10.0; Win64; x64) AppleWebKit/537.36 (KHTML, like Gecko) Chrome/94.0.4606.71 Safari/537.36]
f88e1135-4932-4c2e-aac0-5b8e529558a8 200 ::1 GET / 62.300 [Tue, 12 Oct 2021 11:27:44 GMT] - [Mozilla/5.0 (Windows NT 10.0; Win64; x64) AppleWebKit/537.36 (KHTML, like Gecko) Chrome/94.0.4606.71 Safari/537.36]
92ae0edb-0ab4-468a-849d-125bfa5742bf 404 ::1 GET /bootstrap/js/bootstrap.bundle.min.js.map 25.061 [Tue, 12 Oct 2021 11:27:45 GMT] - [Mozilla/5.0 (Windows NT 10.0; Win64; x64) AppleWebKit/537.36 (KHTML, like Gecko) Chrome/94.0.4606.71 Safari/537.36]
d79ce075-25db-4945-b770-e317756e3271 200 ::1 GET / 25.338 [Tue, 12 Oct 2021 11:27:47 GMT] - [Mozilla/5.0 (Windows NT 10.0; Win64; x64) AppleWebKit/537.36 (KHTML, like Gecko) Chrome/94.0.4606.71 Safari/537.36]
024a660e-d6c4-4f91-9904-edb8dd8ceb88 404 ::1 GET /bootstrap/js/bootstrap.bundle.min.js.map 20.383 [Tue, 12 Oct 2021 11:27:47 GMT] - [Mozilla/5.0 (Windows NT 10.0; Win64; x64) AppleWebKit/537.36 (KHTML, like Gecko) Chrome/94.0.4606.71 Safari/537.36]
4d677c5e-4116-4fa5-a8ac-11d918cf002a 200 ::1 GET /dashboard 27.480 [Tue, 12 Oct 2021 11:27:55 GMT] - [Mozilla/5.0 (Windows NT 10.0; Win64; x64) AppleWebKit/537.36 (KHTML, like Gecko) Chrome/94.0.4606.71 Safari/537.36]
841be8c0-9075-480d-a59b-c42bb2bd4e8a 404 ::1 GET /bootstrap/js/bootstrap.bundle.min.js.map 16.030 [Tue, 12 Oct 2021 11:27:55 GMT] - [Mozilla/5.0 (Windows NT 10.0; Win64; x64) AppleWebKit/537.36 (KHTML, like Gecko) Chrome/94.0.4606.71 Safari/537.36]
eac08530-4fa3-4ad9-b857-e1f1d779131d 200 ::1 GET /dashboard 37.936 [Tue, 12 Oct 2021 11:28:42 GMT] - [Mozilla/5.0 (Windows NT 10.0; Win64; x64) AppleWebKit/537.36 (KHTML, like Gecko) Chrome/94.0.4606.71 Safari/537.36]
2760ef66-65a6-4af7-90e9-213b9dbbe9c3 304 ::1 GET /dashboard 17.332 [Tue, 12 Oct 2021 11:29:09 GMT] - [Mozilla/5.0 (Windows NT 10.0; Win64; x64) AppleWebKit/537.36 (KHTML, like Gecko) Chrome/94.0.4606.71 Safari/537.36]
5716c6a2-15f6-4a70-9386-d2bb80e71e92 304 ::1 GET /dashboard 11.999 [Tue, 12 Oct 2021 11:29:19 GMT] - [Mozilla/5.0 (Windows NT 10.0; Win64; x64) AppleWebKit/537.36 (KHTML, like Gecko) Chrome/94.0.4606.71 Safari/537.36]
c0fc79bc-9ca6-4c75-aae1-a851e1c78f4d 200 ::1 GET / 38.496 [Tue, 12 Oct 2021 11:31:47 GMT] - [Mozilla/5.0 (Windows NT 10.0; Win64; x64) AppleWebKit/537.36 (KHTML, like Gecko) Chrome/94.0.4606.71 Safari/537.36]
9de5defa-d4b4-4b7e-a9db-82e7d41cfc28 200 ::1 GET / 40.087 [Tue, 12 Oct 2021 11:32:45 GMT] - [Mozilla/5.0 (Windows NT 10.0; Win64; x64) AppleWebKit/537.36 (KHTML, like Gecko) Chrome/94.0.4606.71 Safari/537.36]
63adc552-3eab-421f-b3ef-0cb128676561 200 ::1 GET / 34.241 [Tue, 12 Oct 2021 11:33:05 GMT] - [Mozilla/5.0 (Windows NT 10.0; Win64; x64) AppleWebKit/537.36 (KHTML, like Gecko) Chrome/94.0.4606.71 Safari/537.36]
c5ed5708-3a85-4814-8263-573990643458 200 ::1 GET / 36.017 [Tue, 12 Oct 2021 11:33:21 GMT] - [Mozilla/5.0 (Windows NT 10.0; Win64; x64) AppleWebKit/537.36 (KHTML, like Gecko) Chrome/94.0.4606.71 Safari/537.36]
e61379d8-28d4-462f-9ebb-cee4202f186e 302 ::1 POST /login 16.910 [Tue, 12 Oct 2021 11:33:24 GMT] - [Mozilla/5.0 (Windows NT 10.0; Win64; x64) AppleWebKit/537.36 (KHTML, like Gecko) Chrome/94.0.4606.71 Safari/537.36]
70d2750d-13b7-4ac3-81a6-1956b54ce540 200 ::1 GET /login 11.659 [Tue, 12 Oct 2021 11:33:24 GMT] - [Mozilla/5.0 (Windows NT 10.0; Win64; x64) AppleWebKit/537.36 (KHTML, like Gecko) Chrome/94.0.4606.71 Safari/537.36]
b79bc424-18b1-46ff-b2d4-b789a1ba9131 200 ::1 POST /login 117.966 [Tue, 12 Oct 2021 11:33:33 GMT] - [Mozilla/5.0 (Windows NT 10.0; Win64; x64) AppleWebKit/537.36 (KHTML, like Gecko) Chrome/94.0.4606.71 Safari/537.36]
6f8f90a9-520f-4fd7-8658-2180cc9392dd 200 ::1 GET /login 13.026 [Tue, 12 Oct 2021 11:34:02 GMT] - [Mozilla/5.0 (Windows NT 10.0; Win64; x64) AppleWebKit/537.36 (KHTML, like Gecko) Chrome/94.0.4606.71 Safari/537.36]
ee4d6772-55e6-46fc-95b2-2a173ac81adf 200 ::1 GET /login 10.062 [Tue, 12 Oct 2021 11:34:03 GMT] - [Mozilla/5.0 (Windows NT 10.0; Win64; x64) AppleWebKit/537.36 (KHTML, like Gecko) Chrome/94.0.4606.71 Safari/537.36]
2ae03d52-f123-47ab-a807-0a395edf594b 302 ::1 POST /login 90.698 [Tue, 12 Oct 2021 11:34:13 GMT] - [Mozilla/5.0 (Windows NT 10.0; Win64; x64) AppleWebKit/537.36 (KHTML, like Gecko) Chrome/94.0.4606.71 Safari/537.36]
3ec96f7c-fddd-49ae-9cca-5e2c1ae448a7 200 ::1 GET /admin/admin-dashboard 14.224 [Tue, 12 Oct 2021 11:34:13 GMT] - [Mozilla/5.0 (Windows NT 10.0; Win64; x64) AppleWebKit/537.36 (KHTML, like Gecko) Chrome/94.0.4606.71 Safari/537.36]
9648bfd6-3ccb-4f65-b848-211d4353b003 200 ::1 GET /admin/admin-dashboard 33.823 [Tue, 12 Oct 2021 11:37:21 GMT] - [Mozilla/5.0 (Windows NT 10.0; Win64; x64) AppleWebKit/537.36 (KHTML, like Gecko) Chrome/94.0.4606.71 Safari/537.36]
575cd69b-798d-4a52-8d1e-9651f3e2ed74 200 ::1 GET /admin/admin-dashboard 60.950 [Tue, 12 Oct 2021 11:43:43 GMT] - [Mozilla/5.0 (Windows NT 10.0; Win64; x64) AppleWebKit/537.36 (KHTML, like Gecko) Chrome/94.0.4606.71 Safari/537.36]
e42c5456-0d13-4275-b2e2-aab158920f77 200 ::1 GET /admin/admin-dashboard 29.118 [Tue, 12 Oct 2021 11:44:27 GMT] - [Mozilla/5.0 (Windows NT 10.0; Win64; x64) AppleWebKit/537.36 (KHTML, like Gecko) Chrome/94.0.4606.71 Safari/537.36]
7dfef27d-3beb-457c-a3bd-374b63525c5b 200 ::1 GET /admin/admin-dashboard 31.397 [Tue, 12 Oct 2021 11:47:22 GMT] - [Mozilla/5.0 (Windows NT 10.0; Win64; x64) AppleWebKit/537.36 (KHTML, like Gecko) Chrome/94.0.4606.71 Safari/537.36]
7df8095d-e6bb-42d5-960f-bf5139339dfc 200 ::1 GET /admin/admin-dashboard 35.313 [Tue, 12 Oct 2021 11:50:39 GMT] - [Mozilla/5.0 (Windows NT 10.0; Win64; x64) AppleWebKit/537.36 (KHTML, like Gecko) Chrome/94.0.4606.71 Safari/537.36]
fba16dee-c8e8-41e9-b21d-d0d052baad98 200 ::1 GET /admin/admin-dashboard 48.399 [Tue, 12 Oct 2021 11:57:24 GMT] - [Mozilla/5.0 (Windows NT 10.0; Win64; x64) AppleWebKit/537.36 (KHTML, like Gecko) Chrome/94.0.4606.71 Safari/537.36]
51019fba-4241-48e7-8226-d2d09eebfba9 200 ::1 GET /admin/admin-dashboard 44.719 [Tue, 12 Oct 2021 11:59:13 GMT] - [Mozilla/5.0 (Windows NT 10.0; Win64; x64) AppleWebKit/537.36 (KHTML, like Gecko) Chrome/94.0.4606.71 Safari/537.36]
3d0a12f9-8c13-4fdb-983c-f5765871980f 304 ::1 GET /admin/admin-dashboard 29.284 [Tue, 12 Oct 2021 12:00:54 GMT] - [Mozilla/5.0 (Windows NT 10.0; Win64; x64) AppleWebKit/537.36 (KHTML, like Gecko) Chrome/94.0.4606.71 Safari/537.36]
db0d1519-6a59-4905-afcd-de39f47a7cce 302 ::1 GET /logout 19.794 [Tue, 12 Oct 2021 12:01:39 GMT] - [Mozilla/5.0 (Windows NT 10.0; Win64; x64) AppleWebKit/537.36 (KHTML, like Gecko) Chrome/94.0.4606.71 Safari/537.36]
f30add7c-484e-4c68-b0f2-b477a0b6f65b 200 ::1 GET /login 15.275 [Tue, 12 Oct 2021 12:01:39 GMT] - [Mozilla/5.0 (Windows NT 10.0; Win64; x64) AppleWebKit/537.36 (KHTML, like Gecko) Chrome/94.0.4606.71 Safari/537.36]
9b5ce15a-acd5-4740-92c0-c9ca8bad7fd9 200 ::1 GET /login 52.822 [Tue, 12 Oct 2021 12:04:23 GMT] - [Mozilla/5.0 (Windows NT 10.0; Win64; x64) AppleWebKit/537.36 (KHTML, like Gecko) Chrome/94.0.4606.71 Safari/537.36]
1fccce4a-ff31-490a-9afc-4e0325fad70c 302 ::1 POST /login 112.448 [Tue, 12 Oct 2021 12:04:32 GMT] - [Mozilla/5.0 (Windows NT 10.0; Win64; x64) AppleWebKit/537.36 (KHTML, like Gecko) Chrome/94.0.4606.71 Safari/537.36]
743fde2e-a67d-4edd-8a22-effd32db3724 304 ::1 GET /admin/admin-dashboard 14.565 [Tue, 12 Oct 2021 12:04:32 GMT] - [Mozilla/5.0 (Windows NT 10.0; Win64; x64) AppleWebKit/537.36 (KHTML, like Gecko) Chrome/94.0.4606.71 Safari/537.36]
43d92e12-fd65-4d9f-90be-aa118423035e 200 ::1 GET /admin/admin-dashboard 37.281 [Tue, 12 Oct 2021 12:06:45 GMT] - [Mozilla/5.0 (Windows NT 10.0; Win64; x64) AppleWebKit/537.36 (KHTML, like Gecko) Chrome/94.0.4606.71 Safari/537.36]
a9f9174c-1b4b-4eaf-a960-6359113f4049 200 ::1 GET /admin/admin-dashboard 37.804 [Tue, 12 Oct 2021 12:09:09 GMT] - [Mozilla/5.0 (Windows NT 10.0; Win64; x64) AppleWebKit/537.36 (KHTML, like Gecko) Chrome/94.0.4606.71 Safari/537.36]
613044f5-32c1-42c3-9415-51f60bd29133 200 ::1 GET /create-user 10.691 [Tue, 12 Oct 2021 12:09:13 GMT] - [Mozilla/5.0 (Windows NT 10.0; Win64; x64) AppleWebKit/537.36 (KHTML, like Gecko) Chrome/94.0.4606.71 Safari/537.36]
b7699ccf-01a8-44de-95ee-40bb384085c9 200 ::1 GET /admin/admin-dashboard 31.653 [Tue, 12 Oct 2021 12:11:25 GMT] - [Mozilla/5.0 (Windows NT 10.0; Win64; x64) AppleWebKit/537.36 (KHTML, like Gecko) Chrome/94.0.4606.71 Safari/537.36]
7a2338a5-ef20-4189-b510-83530a29ca61 200 ::1 GET /create-user 12.143 [Tue, 12 Oct 2021 12:11:31 GMT] - [Mozilla/5.0 (Windows NT 10.0; Win64; x64) AppleWebKit/537.36 (KHTML, like Gecko) Chrome/94.0.4606.71 Safari/537.36]
f0ac9ecd-2bd5-4094-9d61-97d67ad7475e 304 ::1 GET /create-user 59.710 [Tue, 12 Oct 2021 12:29:41 GMT] - [Mozilla/5.0 (Windows NT 10.0; Win64; x64) AppleWebKit/537.36 (KHTML, like Gecko) Chrome/94.0.4606.71 Safari/537.36]
06341f3f-598c-4a32-990b-815129384fd0 200 ::ffff:127.0.0.1 GET /create-user 33.483 [Tue, 12 Oct 2021 12:30:54 GMT] - [Mozilla/5.0 (Windows NT 10.0; Win64; x64) AppleWebKit/537.36 (KHTML, like Gecko) Chrome/94.0.4606.71 Safari/537.36]
aab006a9-9992-49ab-9f07-36ae4ad65aff 200 ::1 GET /admin/admin-dashboard 21.715 [Tue, 12 Oct 2021 12:31:03 GMT] - [Mozilla/5.0 (Windows NT 10.0; Win64; x64) AppleWebKit/537.36 (KHTML, like Gecko) Chrome/94.0.4606.71 Safari/537.36]
4835ca5b-84ed-4667-a15a-ac111437899b 200 ::1 GET /login 11.057 [Tue, 12 Oct 2021 12:31:06 GMT] - [Mozilla/5.0 (Windows NT 10.0; Win64; x64) AppleWebKit/537.36 (KHTML, like Gecko) Chrome/94.0.4606.71 Safari/537.36]
ae1822eb-73f3-4d0c-9f38-d06e90a34971 302 ::1 POST /login 113.372 [Tue, 12 Oct 2021 12:31:12 GMT] - [Mozilla/5.0 (Windows NT 10.0; Win64; x64) AppleWebKit/537.36 (KHTML, like Gecko) Chrome/94.0.4606.71 Safari/537.36]
7d40b651-f425-4a44-b161-06c628522c5d 304 ::1 GET /admin/admin-dashboard 12.113 [Tue, 12 Oct 2021 12:31:13 GMT] - [Mozilla/5.0 (Windows NT 10.0; Win64; x64) AppleWebKit/537.36 (KHTML, like Gecko) Chrome/94.0.4606.71 Safari/537.36]
8cc84da9-86d1-4673-870e-3407c2bf6110 200 ::1 GET /admin/admin-dashboard 33.218 [Tue, 12 Oct 2021 12:32:23 GMT] - [Mozilla/5.0 (Windows NT 10.0; Win64; x64) AppleWebKit/537.36 (KHTML, like Gecko) Chrome/94.0.4606.71 Safari/537.36]
8fa06c8d-e4d2-4708-aef2-6bac8232867a 200 ::1 GET /admin/admin-dashboard 46.176 [Tue, 12 Oct 2021 12:36:04 GMT] - [Mozilla/5.0 (Windows NT 10.0; Win64; x64) AppleWebKit/537.36 (KHTML, like Gecko) Chrome/94.0.4606.71 Safari/537.36]
a75ed0ab-d30c-453b-9e68-4b6f05ccc264 304 ::1 GET /admin/admin-dashboard 23.104 [Tue, 12 Oct 2021 12:36:07 GMT] - [Mozilla/5.0 (Windows NT 10.0; Win64; x64) AppleWebKit/537.36 (KHTML, like Gecko) Chrome/94.0.4606.71 Safari/537.36]
78aab3de-edec-4879-bec8-f6eea6790cf2 200 ::1 GET /create-user 11.934 [Tue, 12 Oct 2021 12:36:10 GMT] - [Mozilla/5.0 (Windows NT 10.0; Win64; x64) AppleWebKit/537.36 (KHTML, like Gecko) Chrome/94.0.4606.71 Safari/537.36]
0d506edf-4e68-4b1b-bf0d-7042fda59bef 200 ::1 GET /admin/admin-dashboard 38.385 [Tue, 12 Oct 2021 12:40:39 GMT] - [Mozilla/5.0 (Windows NT 10.0; Win64; x64) AppleWebKit/537.36 (KHTML, like Gecko) Chrome/94.0.4606.71 Safari/537.36]
803d595c-f72a-4474-966b-88c3fe85b065 200 ::1 GET /admin/admin-dashboard 36.898 [Tue, 12 Oct 2021 12:45:04 GMT] - [Mozilla/5.0 (Windows NT 10.0; Win64; x64) AppleWebKit/537.36 (KHTML, like Gecko) Chrome/94.0.4606.71 Safari/537.36]
c86d0755-64bb-4752-89ef-2e189fd7cf30 200 ::1 GET /admin/admin-dashboard 31.235 [Tue, 12 Oct 2021 12:46:17 GMT] - [Mozilla/5.0 (Windows NT 10.0; Win64; x64) AppleWebKit/537.36 (KHTML, like Gecko) Chrome/94.0.4606.71 Safari/537.36]
19428243-cc35-4dcd-ae2a-dffe6c511040 200 ::1 GET /admin/admin-dashboard 25.683 [Tue, 12 Oct 2021 12:47:33 GMT] - [Mozilla/5.0 (Windows NT 10.0; Win64; x64) AppleWebKit/537.36 (KHTML, like Gecko) Chrome/94.0.4606.71 Safari/537.36]
72b1cfb5-055b-4c69-bf47-b20765ddf59f 200 ::1 GET /create-user 20.504 [Tue, 12 Oct 2021 12:47:59 GMT] - [Mozilla/5.0 (Windows NT 10.0; Win64; x64) AppleWebKit/537.36 (KHTML, like Gecko) Chrome/94.0.4606.71 Safari/537.36]
37faecb0-7834-480b-8fc9-19af7bab8fa0 302 ::1 POST /admin/create-user 216.091 [Tue, 12 Oct 2021 13:07:40 GMT] - [Mozilla/5.0 (Windows NT 10.0; Win64; x64) AppleWebKit/537.36 (KHTML, like Gecko) Chrome/94.0.4606.71 Safari/537.36]
77e8f233-9850-43d7-b3e7-8da824c513fa 200 ::1 GET /admin/create-user 16.659 [Tue, 12 Oct 2021 13:07:40 GMT] - [Mozilla/5.0 (Windows NT 10.0; Win64; x64) AppleWebKit/537.36 (KHTML, like Gecko) Chrome/94.0.4606.71 Safari/537.36]
4956e152-a8ba-41a0-9da1-4890fd91195b 200 ::1 GET /admin/admin-dashboard 13.245 [Tue, 12 Oct 2021 13:07:53 GMT] - [Mozilla/5.0 (Windows NT 10.0; Win64; x64) AppleWebKit/537.36 (KHTML, like Gecko) Chrome/94.0.4606.71 Safari/537.36]
dcd2181b-e65f-490a-a76a-97159f71f787 200 ::1 GET /create-user 25.051 [Tue, 12 Oct 2021 13:09:46 GMT] - [Mozilla/5.0 (Windows NT 10.0; Win64; x64) AppleWebKit/537.36 (KHTML, like Gecko) Chrome/94.0.4606.71 Safari/537.36]
27f555e0-36e0-4ea4-93e7-e18c7a420b88 304 ::1 GET /create-user 9.354 [Tue, 12 Oct 2021 13:12:01 GMT] - [Mozilla/5.0 (Windows NT 10.0; Win64; x64) AppleWebKit/537.36 (KHTML, like Gecko) Chrome/94.0.4606.71 Safari/537.36]
4ce8c289-ac1f-484f-9ed5-86caba9ce381 302 ::1 GET /logout 9.940 [Tue, 12 Oct 2021 13:12:42 GMT] - [Mozilla/5.0 (Windows NT 10.0; Win64; x64) AppleWebKit/537.36 (KHTML, like Gecko) Chrome/94.0.4606.71 Safari/537.36]
255c7efd-69db-4f5c-ac80-cabd5d54bce5 200 ::1 GET /login 9.114 [Tue, 12 Oct 2021 13:12:42 GMT] - [Mozilla/5.0 (Windows NT 10.0; Win64; x64) AppleWebKit/537.36 (KHTML, like Gecko) Chrome/94.0.4606.71 Safari/537.36]
43b61f28-928c-497a-b812-8a002b32c3cf 302 ::1 POST /login 103.008 [Tue, 12 Oct 2021 13:12:49 GMT] - [Mozilla/5.0 (Windows NT 10.0; Win64; x64) AppleWebKit/537.36 (KHTML, like Gecko) Chrome/94.0.4606.71 Safari/537.36]
375018e5-8d40-4c28-a0a2-9b220497ab98 200 ::1 GET /admin/admin-dashboard 10.523 [Tue, 12 Oct 2021 13:12:49 GMT] - [Mozilla/5.0 (Windows NT 10.0; Win64; x64) AppleWebKit/537.36 (KHTML, like Gecko) Chrome/94.0.4606.71 Safari/537.36]
b8fa4a27-925f-42d7-a4e5-d6f26cf81a6c 200 ::1 GET /create-user 11.678 [Tue, 12 Oct 2021 13:12:50 GMT] - [Mozilla/5.0 (Windows NT 10.0; Win64; x64) AppleWebKit/537.36 (KHTML, like Gecko) Chrome/94.0.4606.71 Safari/537.36]
ca48e4ad-7ddd-492e-b977-3fcde50dde60 302 ::1 POST /admin/create-user 98.995 [Tue, 12 Oct 2021 13:13:35 GMT] - [Mozilla/5.0 (Windows NT 10.0; Win64; x64) AppleWebKit/537.36 (KHTML, like Gecko) Chrome/94.0.4606.71 Safari/537.36]
01e82d1c-03a5-4b7f-b25c-8a4cf4433067 200 ::1 GET /admin/dashboard 12.789 [Tue, 12 Oct 2021 13:13:35 GMT] - [Mozilla/5.0 (Windows NT 10.0; Win64; x64) AppleWebKit/537.36 (KHTML, like Gecko) Chrome/94.0.4606.71 Safari/537.36]
7b5d863f-3e99-43a3-94a6-d1f8a0b1be62 200 ::1 GET /admin/admin-dashboard 32.517 [Tue, 12 Oct 2021 13:14:43 GMT] - [Mozilla/5.0 (Windows NT 10.0; Win64; x64) AppleWebKit/537.36 (KHTML, like Gecko) Chrome/94.0.4606.71 Safari/537.36]
9c6b2c6c-9743-4859-8322-1bbd4adce20e 304 ::1 GET /create-user 12.509 [Tue, 12 Oct 2021 13:14:46 GMT] - [Mozilla/5.0 (Windows NT 10.0; Win64; x64) AppleWebKit/537.36 (KHTML, like Gecko) Chrome/94.0.4606.71 Safari/537.36]
683f503c-5cc3-4829-9075-c58869922946 200 ::1 POST /admin/create-user 23.590 [Tue, 12 Oct 2021 13:14:54 GMT] - [Mozilla/5.0 (Windows NT 10.0; Win64; x64) AppleWebKit/537.36 (KHTML, like Gecko) Chrome/94.0.4606.71 Safari/537.36]
69791c32-fe18-4239-a7b7-f7f5e83bdb4e 302 ::1 POST /admin/create-user 120.723 [Tue, 12 Oct 2021 13:15:36 GMT] - [Mozilla/5.0 (Windows NT 10.0; Win64; x64) AppleWebKit/537.36 (KHTML, like Gecko) Chrome/94.0.4606.71 Safari/537.36]
cc75e11d-a09d-4183-8fd6-2612080c6a5e 200 ::1 GET /admin/admin-dashboard 12.290 [Tue, 12 Oct 2021 13:15:36 GMT] - [Mozilla/5.0 (Windows NT 10.0; Win64; x64) AppleWebKit/537.36 (KHTML, like Gecko) Chrome/94.0.4606.71 Safari/537.36]
16cdea7a-8200-40d6-9fd8-849aef450ffe 302 ::1 GET /logout 4.947 [Tue, 12 Oct 2021 13:15:59 GMT] - [Mozilla/5.0 (Windows NT 10.0; Win64; x64) AppleWebKit/537.36 (KHTML, like Gecko) Chrome/94.0.4606.71 Safari/537.36]
ba3da7b4-116c-4f47-9d1f-e31c264365b5 200 ::1 GET /login 9.511 [Tue, 12 Oct 2021 13:15:59 GMT] - [Mozilla/5.0 (Windows NT 10.0; Win64; x64) AppleWebKit/537.36 (KHTML, like Gecko) Chrome/94.0.4606.71 Safari/537.36]
2a8527b6-2efd-4b37-a65a-851ff0e06ebf 200 ::1 POST /login 84.822 [Tue, 12 Oct 2021 13:16:07 GMT] - [Mozilla/5.0 (Windows NT 10.0; Win64; x64) AppleWebKit/537.36 (KHTML, like Gecko) Chrome/94.0.4606.71 Safari/537.36]
de6d8e23-ee99-431e-85e6-daee25663473 200 ::1 GET /login 23.697 [Tue, 12 Oct 2021 13:16:33 GMT] - [Mozilla/5.0 (Windows NT 10.0; Win64; x64) AppleWebKit/537.36 (KHTML, like Gecko) Chrome/94.0.4606.71 Safari/537.36]
6ca30aee-198d-40db-a096-e872fc056460 302 ::1 POST /login 116.551 [Tue, 12 Oct 2021 13:16:41 GMT] - [Mozilla/5.0 (Windows NT 10.0; Win64; x64) AppleWebKit/537.36 (KHTML, like Gecko) Chrome/94.0.4606.71 Safari/537.36]
d9579347-f912-4082-980a-6f42d9d9f630 304 ::1 GET /dashboard 9.160 [Tue, 12 Oct 2021 13:16:41 GMT] - [Mozilla/5.0 (Windows NT 10.0; Win64; x64) AppleWebKit/537.36 (KHTML, like Gecko) Chrome/94.0.4606.71 Safari/537.36]
9aefa37f-68fc-465a-9618-767458375674 200 ::1 GET /dashboard 19.705 [Tue, 12 Oct 2021 13:17:29 GMT] - [Mozilla/5.0 (Windows NT 10.0; Win64; x64) AppleWebKit/537.36 (KHTML, like Gecko) Chrome/94.0.4606.71 Safari/537.36]
ef990183-c8a8-4520-9169-a5ea54b83649 200 ::1 GET /dashboard 28.011 [Tue, 12 Oct 2021 13:21:22 GMT] - [Mozilla/5.0 (Windows NT 10.0; Win64; x64) AppleWebKit/537.36 (KHTML, like Gecko) Chrome/94.0.4606.71 Safari/537.36]
de0800c0-f440-4df5-b95e-69cf5e3addd9 200 ::1 GET /dashboard 17.874 [Tue, 12 Oct 2021 13:22:09 GMT] - [Mozilla/5.0 (Windows NT 10.0; Win64; x64) AppleWebKit/537.36 (KHTML, like Gecko) Chrome/94.0.4606.71 Safari/537.36]
1e289e49-12cb-4070-9ab0-9b692049226d 304 ::1 GET /dashboard 45.217 [Tue, 12 Oct 2021 13:47:48 GMT] - [Mozilla/5.0 (Windows NT 10.0; Win64; x64) AppleWebKit/537.36 (KHTML, like Gecko) Chrome/94.0.4606.71 Safari/537.36]
d4d61ea5-a0f7-469e-a662-6054c915e090 302 ::1 GET /logout 22.398 [Tue, 12 Oct 2021 13:57:47 GMT] - [Mozilla/5.0 (Windows NT 10.0; Win64; x64) AppleWebKit/537.36 (KHTML, like Gecko) Chrome/94.0.4606.71 Safari/537.36]
1d0cce9e-94e3-4822-8175-e548f0f67a59 200 ::1 GET /login 15.925 [Tue, 12 Oct 2021 13:57:47 GMT] - [Mozilla/5.0 (Windows NT 10.0; Win64; x64) AppleWebKit/537.36 (KHTML, like Gecko) Chrome/94.0.4606.71 Safari/537.36]
c408decc-5a8b-4c71-b1e3-83fb9a108150 302 ::1 POST /login 134.338 [Tue, 12 Oct 2021 13:57:59 GMT] - [Mozilla/5.0 (Windows NT 10.0; Win64; x64) AppleWebKit/537.36 (KHTML, like Gecko) Chrome/94.0.4606.71 Safari/537.36]
c258f926-b66e-4e54-838c-73b545d2f0bb 200 ::1 GET /admin/admin-dashboard 18.448 [Tue, 12 Oct 2021 13:57:59 GMT] - [Mozilla/5.0 (Windows NT 10.0; Win64; x64) AppleWebKit/537.36 (KHTML, like Gecko) Chrome/94.0.4606.71 Safari/537.36]
99877e17-0695-4e9e-8182-77f296dba7b5 304 ::1 GET /admin/admin-dashboard 24.824 [Tue, 12 Oct 2021 13:58:22 GMT] - [Mozilla/5.0 (Windows NT 10.0; Win64; x64) AppleWebKit/537.36 (KHTML, like Gecko) Chrome/94.0.4606.71 Safari/537.36]
2404a719-76a3-46f4-98ce-dee447669ea6 302 ::1 GET /logout 10.253 [Tue, 12 Oct 2021 13:58:40 GMT] - [Mozilla/5.0 (Windows NT 10.0; Win64; x64) AppleWebKit/537.36 (KHTML, like Gecko) Chrome/94.0.4606.71 Safari/537.36]
8d6de3be-0527-4812-af2c-caddc01ad30f 200 ::1 GET /login 20.504 [Tue, 12 Oct 2021 13:58:40 GMT] - [Mozilla/5.0 (Windows NT 10.0; Win64; x64) AppleWebKit/537.36 (KHTML, like Gecko) Chrome/94.0.4606.71 Safari/537.36]
4e02bfd1-0df3-4638-8b87-fae304d8404d 302 ::1 POST /login 82.281 [Tue, 12 Oct 2021 13:58:48 GMT] - [Mozilla/5.0 (Windows NT 10.0; Win64; x64) AppleWebKit/537.36 (KHTML, like Gecko) Chrome/94.0.4606.71 Safari/537.36]
7a1143d7-b643-44cd-9e5a-beb97c80795f 200 ::1 GET /login 9.204 [Tue, 12 Oct 2021 13:58:48 GMT] - [Mozilla/5.0 (Windows NT 10.0; Win64; x64) AppleWebKit/537.36 (KHTML, like Gecko) Chrome/94.0.4606.71 Safari/537.36]
0c86d0cb-bbd4-4960-b3d1-22b9fa3cea9e 302 ::1 POST /login 82.066 [Tue, 12 Oct 2021 13:58:55 GMT] - [Mozilla/5.0 (Windows NT 10.0; Win64; x64) AppleWebKit/537.36 (KHTML, like Gecko) Chrome/94.0.4606.71 Safari/537.36]
de2cefdc-d1b9-420b-a5bc-fbcca2fbf564 304 ::1 GET /admin/admin-dashboard 12.249 [Tue, 12 Oct 2021 13:58:55 GMT] - [Mozilla/5.0 (Windows NT 10.0; Win64; x64) AppleWebKit/537.36 (KHTML, like Gecko) Chrome/94.0.4606.71 Safari/537.36]
77dcd4c9-15d9-41d3-9b6c-08b4888a0251 200 ::1 GET /create-user 11.183 [Tue, 12 Oct 2021 13:59:03 GMT] - [Mozilla/5.0 (Windows NT 10.0; Win64; x64) AppleWebKit/537.36 (KHTML, like Gecko) Chrome/94.0.4606.71 Safari/537.36]
63979ab8-aa42-4fb4-bcbe-8fc0f44de5f1 304 ::1 GET /admin/admin-dashboard 49.804 [Tue, 12 Oct 2021 14:07:12 GMT] - [Mozilla/5.0 (Windows NT 10.0; Win64; x64) AppleWebKit/537.36 (KHTML, like Gecko) Chrome/94.0.4606.71 Safari/537.36]
20eff375-ec94-4ee4-acc6-6c97503f7760 304 ::1 GET /admin/admin-dashboard 27.397 [Tue, 12 Oct 2021 14:09:18 GMT] - [Mozilla/5.0 (Windows NT 10.0; Win64; x64) AppleWebKit/537.36 (KHTML, like Gecko) Chrome/94.0.4606.71 Safari/537.36]
870d9f4d-fb09-47cc-aa26-10c83f524459 302 ::1 GET /logout 19.438 [Tue, 12 Oct 2021 14:09:23 GMT] - [Mozilla/5.0 (Windows NT 10.0; Win64; x64) AppleWebKit/537.36 (KHTML, like Gecko) Chrome/94.0.4606.71 Safari/537.36]
38f1b1e6-7ab2-4f19-91ef-71e4d7d1c012 200 ::1 GET /login 11.871 [Tue, 12 Oct 2021 14:09:23 GMT] - [Mozilla/5.0 (Windows NT 10.0; Win64; x64) AppleWebKit/537.36 (KHTML, like Gecko) Chrome/94.0.4606.71 Safari/537.36]
ab7ddaaf-3a32-42aa-be7c-663733c83dd9 302 ::1 POST /login 110.320 [Tue, 12 Oct 2021 14:09:33 GMT] - [Mozilla/5.0 (Windows NT 10.0; Win64; x64) AppleWebKit/537.36 (KHTML, like Gecko) Chrome/94.0.4606.71 Safari/537.36]
d626ab5a-5361-4b96-8b60-c0b973c40860 304 ::1 GET /dashboard 10.746 [Tue, 12 Oct 2021 14:09:33 GMT] - [Mozilla/5.0 (Windows NT 10.0; Win64; x64) AppleWebKit/537.36 (KHTML, like Gecko) Chrome/94.0.4606.71 Safari/537.36]
42800d9a-8d63-45b6-b646-86e7e59a050a 302 ::1 GET /logout 8.891 [Tue, 12 Oct 2021 14:09:39 GMT] - [Mozilla/5.0 (Windows NT 10.0; Win64; x64) AppleWebKit/537.36 (KHTML, like Gecko) Chrome/94.0.4606.71 Safari/537.36]
086f1e3a-72b2-44d8-bdef-dbba62439751 200 ::1 GET /login 11.676 [Tue, 12 Oct 2021 14:09:39 GMT] - [Mozilla/5.0 (Windows NT 10.0; Win64; x64) AppleWebKit/537.36 (KHTML, like Gecko) Chrome/94.0.4606.71 Safari/537.36]
f18a276f-ff01-4361-b350-98c66657d1fe 302 ::1 POST /login 93.892 [Tue, 12 Oct 2021 14:09:52 GMT] - [Mozilla/5.0 (Windows NT 10.0; Win64; x64) AppleWebKit/537.36 (KHTML, like Gecko) Chrome/94.0.4606.71 Safari/537.36]
b7f9eb5d-4759-4c9b-a45b-7b665828c8f7 304 ::1 GET /admin/admin-dashboard 9.540 [Tue, 12 Oct 2021 14:09:52 GMT] - [Mozilla/5.0 (Windows NT 10.0; Win64; x64) AppleWebKit/537.36 (KHTML, like Gecko) Chrome/94.0.4606.71 Safari/537.36]
9af51b7c-95f5-4231-9bc5-a4361b0a6709 304 ::1 GET /create-user 13.125 [Tue, 12 Oct 2021 14:11:20 GMT] - [Mozilla/5.0 (Windows NT 10.0; Win64; x64) AppleWebKit/537.36 (KHTML, like Gecko) Chrome/94.0.4606.71 Safari/537.36]
5bccdff9-b7d0-4065-9a8b-e68cb9f93fa8 200 ::1 POST /admin/create-user 30.609 [Tue, 12 Oct 2021 14:12:04 GMT] - [Mozilla/5.0 (Windows NT 10.0; Win64; x64) AppleWebKit/537.36 (KHTML, like Gecko) Chrome/94.0.4606.71 Safari/537.36]
96b338a7-94b1-49b0-8353-fd2eb7893313 302 ::1 POST /admin/create-user 120.659 [Tue, 12 Oct 2021 14:12:31 GMT] - [Mozilla/5.0 (Windows NT 10.0; Win64; x64) AppleWebKit/537.36 (KHTML, like Gecko) Chrome/94.0.4606.71 Safari/537.36]
34f18436-7894-4090-baa4-dac81a77229b 200 ::1 GET /admin/admin-dashboard 16.310 [Tue, 12 Oct 2021 14:12:32 GMT] - [Mozilla/5.0 (Windows NT 10.0; Win64; x64) AppleWebKit/537.36 (KHTML, like Gecko) Chrome/94.0.4606.71 Safari/537.36]
d5b87e59-5240-4a6a-94d2-e8f7aa143eb0 200 ::1 GET /admin/admin-dashboard 13.275 [Tue, 12 Oct 2021 14:12:35 GMT] - [Mozilla/5.0 (Windows NT 10.0; Win64; x64) AppleWebKit/537.36 (KHTML, like Gecko) Chrome/94.0.4606.71 Safari/537.36]
142e35bc-7d7e-46e5-8fbe-5b26dce5d50b 304 ::1 GET /admin/admin-dashboard 18.278 [Tue, 12 Oct 2021 14:12:36 GMT] - [Mozilla/5.0 (Windows NT 10.0; Win64; x64) AppleWebKit/537.36 (KHTML, like Gecko) Chrome/94.0.4606.71 Safari/537.36]
c6d34e00-7c0a-4b62-89d1-7c7072c69556 200 ::1 GET /admin/admin-dashboard 26.253 [Tue, 12 Oct 2021 14:14:00 GMT] - [Mozilla/5.0 (Windows NT 10.0; Win64; x64) AppleWebKit/537.36 (KHTML, like Gecko) Chrome/94.0.4606.71 Safari/537.36]
fc5d0038-11f8-45ab-8d23-37e5b30e17eb 302 ::1 GET /logout 28.864 [Tue, 12 Oct 2021 14:21:28 GMT] - [Mozilla/5.0 (Windows NT 10.0; Win64; x64) AppleWebKit/537.36 (KHTML, like Gecko) Chrome/94.0.4606.71 Safari/537.36]
a9f52906-9f48-4dd2-b39d-301b792ef849 200 ::1 GET /login 17.173 [Tue, 12 Oct 2021 14:21:28 GMT] - [Mozilla/5.0 (Windows NT 10.0; Win64; x64) AppleWebKit/537.36 (KHTML, like Gecko) Chrome/94.0.4606.71 Safari/537.36]
a0513285-d4ea-4e64-ada0-6d3cd123de2b 302 ::1 POST /login 115.215 [Tue, 12 Oct 2021 14:21:35 GMT] - [Mozilla/5.0 (Windows NT 10.0; Win64; x64) AppleWebKit/537.36 (KHTML, like Gecko) Chrome/94.0.4606.71 Safari/537.36]
fccb93ab-0298-4e80-82ca-2c5846ce3c8d 304 ::1 GET /dashboard 5.679 [Tue, 12 Oct 2021 14:21:35 GMT] - [Mozilla/5.0 (Windows NT 10.0; Win64; x64) AppleWebKit/537.36 (KHTML, like Gecko) Chrome/94.0.4606.71 Safari/537.36]
1cac92b9-1b3a-4ce9-8363-8f572e225578 200 ::1 GET / 135.581 [Tue, 12 Oct 2021 19:10:34 GMT] - [Mozilla/5.0 (Windows NT 10.0; Win64; x64) AppleWebKit/537.36 (KHTML, like Gecko) Chrome/94.0.4606.81 Safari/537.36]
7b91a6d0-bd0f-4291-aefe-34ee03f87ac2 304 ::1 GET / 30.847 [Tue, 12 Oct 2021 19:10:34 GMT] - [Mozilla/5.0 (Windows NT 10.0; Win64; x64) AppleWebKit/537.36 (KHTML, like Gecko) Chrome/94.0.4606.81 Safari/537.36]
b711bd10-0de0-4fe8-8642-f031acc0ce71 302 ::1 POST /login 309.748 [Tue, 12 Oct 2021 19:11:06 GMT] - [Mozilla/5.0 (Windows NT 10.0; Win64; x64) AppleWebKit/537.36 (KHTML, like Gecko) Chrome/94.0.4606.81 Safari/537.36]
20f4eb69-9d9d-4db2-ab2e-0485cb055005 304 ::1 GET /dashboard 20.704 [Tue, 12 Oct 2021 19:11:06 GMT] - [Mozilla/5.0 (Windows NT 10.0; Win64; x64) AppleWebKit/537.36 (KHTML, like Gecko) Chrome/94.0.4606.81 Safari/537.36]
a15668ca-ed29-4ce8-a7db-e50b93262f47 200 ::1 GET /dashboard 47.766 [Tue, 12 Oct 2021 19:31:16 GMT] - [Mozilla/5.0 (Windows NT 10.0; Win64; x64) AppleWebKit/537.36 (KHTML, like Gecko) Chrome/94.0.4606.81 Safari/537.36]
df18c124-b5b6-408d-a447-5c2caa39af94 200 ::1 GET /dashboard 48.451 [Tue, 12 Oct 2021 19:32:15 GMT] - [Mozilla/5.0 (Windows NT 10.0; Win64; x64) AppleWebKit/537.36 (KHTML, like Gecko) Chrome/94.0.4606.81 Safari/537.36]
010a6b29-c41c-4f77-93f6-f407f9410c45 200 ::1 GET /dashboard 37.940 [Tue, 12 Oct 2021 19:34:25 GMT] - [Mozilla/5.0 (Windows NT 10.0; Win64; x64) AppleWebKit/537.36 (KHTML, like Gecko) Chrome/94.0.4606.81 Safari/537.36]
e0453dd1-a1f7-4054-a20a-e31795e04a2d 200 ::1 GET /dashboard 17.671 [Tue, 12 Oct 2021 19:35:11 GMT] - [Mozilla/5.0 (Windows NT 10.0; Win64; x64) AppleWebKit/537.36 (KHTML, like Gecko) Chrome/94.0.4606.81 Safari/537.36]
79b937b8-b924-4cc0-bb38-3f33d4e9f4de 200 ::1 GET /dashboard 24.407 [Tue, 12 Oct 2021 19:35:42 GMT] - [Mozilla/5.0 (Windows NT 10.0; Win64; x64) AppleWebKit/537.36 (KHTML, like Gecko) Chrome/94.0.4606.81 Safari/537.36]
007cb328-7b35-4372-a4ff-ef467eabc78e 200 ::1 GET /dashboard 19.043 [Tue, 12 Oct 2021 19:36:12 GMT] - [Mozilla/5.0 (Windows NT 10.0; Win64; x64) AppleWebKit/537.36 (KHTML, like Gecko) Chrome/94.0.4606.81 Safari/537.36]
79284063-fd0e-4454-b3f9-a26765c7e586 200 ::1 GET /dashboard 36.660 [Tue, 12 Oct 2021 19:38:51 GMT] - [Mozilla/5.0 (Windows NT 10.0; Win64; x64) AppleWebKit/537.36 (KHTML, like Gecko) Chrome/94.0.4606.81 Safari/537.36]
3b37354e-2269-4b8e-aa18-7e1be20ef637 200 ::1 GET /dashboard 63.591 [Tue, 12 Oct 2021 19:41:40 GMT] - [Mozilla/5.0 (Windows NT 10.0; Win64; x64) AppleWebKit/537.36 (KHTML, like Gecko) Chrome/94.0.4606.81 Safari/537.36]
07eaf7d0-4b42-4c87-8a11-c2573bbd9380 200 ::1 GET /dashboard 26.971 [Tue, 12 Oct 2021 19:42:43 GMT] - [Mozilla/5.0 (Windows NT 10.0; Win64; x64) AppleWebKit/537.36 (KHTML, like Gecko) Chrome/94.0.4606.81 Safari/537.36]
f24f5d35-5488-4902-9774-a2b295132105 200 ::1 GET /dashboard 21.603 [Tue, 12 Oct 2021 19:43:30 GMT] - [Mozilla/5.0 (Windows NT 10.0; Win64; x64) AppleWebKit/537.36 (KHTML, like Gecko) Chrome/94.0.4606.81 Safari/537.36]
81a14736-1f08-4e2a-9092-d3f2d32ae49e 200 ::1 GET /dashboard 53.233 [Tue, 12 Oct 2021 19:43:55 GMT] - [Mozilla/5.0 (Windows NT 10.0; Win64; x64) AppleWebKit/537.36 (KHTML, like Gecko) Chrome/94.0.4606.81 Safari/537.36]
2b5f3319-da88-45d3-b89a-6bb0571f653a 200 ::1 GET /dashboard 81.757 [Tue, 12 Oct 2021 19:58:51 GMT] - [Mozilla/5.0 (Windows NT 10.0; Win64; x64) AppleWebKit/537.36 (KHTML, like Gecko) Chrome/94.0.4606.81 Safari/537.36]
c4a66841-fae8-43ef-a565-3951cd8d75b2 304 ::1 GET / 21.290 [Tue, 12 Oct 2021 19:59:30 GMT] - [Mozilla/5.0 (Windows NT 10.0; Win64; x64) AppleWebKit/537.36 (KHTML, like Gecko) Chrome/94.0.4606.81 Safari/537.36]
635375f5-c2c2-4292-a49e-24f860966d04 302 ::1 POST /login 318.136 [Tue, 12 Oct 2021 19:59:45 GMT] - [Mozilla/5.0 (Windows NT 10.0; Win64; x64) AppleWebKit/537.36 (KHTML, like Gecko) Chrome/94.0.4606.81 Safari/537.36]
7423d0cb-2f05-41b1-9da5-dd8b8f69a5f0 304 ::1 GET /dashboard 16.145 [Tue, 12 Oct 2021 19:59:45 GMT] - [Mozilla/5.0 (Windows NT 10.0; Win64; x64) AppleWebKit/537.36 (KHTML, like Gecko) Chrome/94.0.4606.81 Safari/537.36]
290a51e2-efad-4197-a823-aad7f44d15c3 - ::1 POST /dashboard - [Tue, 12 Oct 2021 19:59:59 GMT] - [Mozilla/5.0 (Windows NT 10.0; Win64; x64) AppleWebKit/537.36 (KHTML, like Gecko) Chrome/94.0.4606.81 Safari/537.36]
3c6ff192-fe75-4256-a0a6-2fb59c44d254 304 ::1 GET / 98.756 [Wed, 13 Oct 2021 01:01:38 GMT] - [Mozilla/5.0 (Windows NT 10.0; Win64; x64) AppleWebKit/537.36 (KHTML, like Gecko) Chrome/94.0.4606.81 Safari/537.36]
15d10069-2dbf-4e70-87dd-431d728f7d59 302 ::1 POST /login 121.025 [Wed, 13 Oct 2021 01:01:45 GMT] - [Mozilla/5.0 (Windows NT 10.0; Win64; x64) AppleWebKit/537.36 (KHTML, like Gecko) Chrome/94.0.4606.81 Safari/537.36]
6a68a31f-49d3-42c1-b05e-736ceef5d8a3 304 ::1 GET /dashboard 10.749 [Wed, 13 Oct 2021 01:01:45 GMT] - [Mozilla/5.0 (Windows NT 10.0; Win64; x64) AppleWebKit/537.36 (KHTML, like Gecko) Chrome/94.0.4606.81 Safari/537.36]
3d6916d2-2be8-4d54-8a1d-2624c1f1c289 - ::1 POST /dashboard - [Wed, 13 Oct 2021 01:01:54 GMT] - [Mozilla/5.0 (Windows NT 10.0; Win64; x64) AppleWebKit/537.36 (KHTML, like Gecko) Chrome/94.0.4606.81 Safari/537.36]
b0ecf022-1cd6-44ea-81b5-e2bf2c5f72e9 304 ::1 GET /dashboard 27.039 [Wed, 13 Oct 2021 01:03:22 GMT] - [Mozilla/5.0 (Windows NT 10.0; Win64; x64) AppleWebKit/537.36 (KHTML, like Gecko) Chrome/94.0.4606.81 Safari/537.36]
81fb6bc0-645e-4b57-ae60-c05a7d77fdff - ::1 POST /dashboard - [Wed, 13 Oct 2021 01:03:29 GMT] - [Mozilla/5.0 (Windows NT 10.0; Win64; x64) AppleWebKit/537.36 (KHTML, like Gecko) Chrome/94.0.4606.81 Safari/537.36]
0eb1aebf-dbe6-4999-a6d1-1b6276464f5d 304 ::1 GET /dashboard 21.179 [Wed, 13 Oct 2021 01:04:13 GMT] - [Mozilla/5.0 (Windows NT 10.0; Win64; x64) AppleWebKit/537.36 (KHTML, like Gecko) Chrome/94.0.4606.81 Safari/537.36]
32b913bb-516b-46c1-99eb-be27c2777f8c - ::1 POST /dashboard - [Wed, 13 Oct 2021 01:04:20 GMT] - [Mozilla/5.0 (Windows NT 10.0; Win64; x64) AppleWebKit/537.36 (KHTML, like Gecko) Chrome/94.0.4606.81 Safari/537.36]
5eb2e584-7ab3-4da2-9e0e-42ef8768c8fb 304 ::1 GET /dashboard 26.392 [Wed, 13 Oct 2021 01:10:04 GMT] - [Mozilla/5.0 (Windows NT 10.0; Win64; x64) AppleWebKit/537.36 (KHTML, like Gecko) Chrome/94.0.4606.81 Safari/537.36]
840f3b05-1ea4-4e91-bf81-9c00ef1890a7 - ::1 POST /dashboard - [Wed, 13 Oct 2021 01:10:17 GMT] - [Mozilla/5.0 (Windows NT 10.0; Win64; x64) AppleWebKit/537.36 (KHTML, like Gecko) Chrome/94.0.4606.81 Safari/537.36]
9b2044cc-16ff-40f8-a821-4132906d8d4d 304 ::1 GET /dashboard 28.992 [Wed, 13 Oct 2021 01:24:04 GMT] - [Mozilla/5.0 (Windows NT 10.0; Win64; x64) AppleWebKit/537.36 (KHTML, like Gecko) Chrome/94.0.4606.81 Safari/537.36]
334bfc47-1afa-4b5e-9c9c-17c621a55411 - ::1 POST /dashboard - [Wed, 13 Oct 2021 01:24:08 GMT] - [Mozilla/5.0 (Windows NT 10.0; Win64; x64) AppleWebKit/537.36 (KHTML, like Gecko) Chrome/94.0.4606.81 Safari/537.36]
cc5ee846-511b-4450-b5c3-edfc1411b9de 304 ::1 GET /dashboard 27.700 [Wed, 13 Oct 2021 01:25:12 GMT] - [Mozilla/5.0 (Windows NT 10.0; Win64; x64) AppleWebKit/537.36 (KHTML, like Gecko) Chrome/94.0.4606.81 Safari/537.36]
f6c827bd-a712-401c-be24-7705e01e58fb - ::1 POST /dashboard - [Wed, 13 Oct 2021 01:25:17 GMT] - [Mozilla/5.0 (Windows NT 10.0; Win64; x64) AppleWebKit/537.36 (KHTML, like Gecko) Chrome/94.0.4606.81 Safari/537.36]
ee99855c-69e0-437e-9d4f-3f851ef5ccbe 304 ::1 GET /dashboard 20.644 [Wed, 13 Oct 2021 01:26:23 GMT] - [Mozilla/5.0 (Windows NT 10.0; Win64; x64) AppleWebKit/537.36 (KHTML, like Gecko) Chrome/94.0.4606.81 Safari/537.36]
02081ae7-6eb1-44f5-85e0-eb8e4c85c0eb - ::1 POST /dashboard - [Wed, 13 Oct 2021 01:26:28 GMT] - [Mozilla/5.0 (Windows NT 10.0; Win64; x64) AppleWebKit/537.36 (KHTML, like Gecko) Chrome/94.0.4606.81 Safari/537.36]
c6a4cd10-f829-4854-b3fd-192d89b65fa5 304 ::1 GET /dashboard 20.305 [Wed, 13 Oct 2021 01:29:28 GMT] - [Mozilla/5.0 (Windows NT 10.0; Win64; x64) AppleWebKit/537.36 (KHTML, like Gecko) Chrome/94.0.4606.81 Safari/537.36]
26d2c6db-1a77-4b7c-85cd-af112e8578b7 - ::1 POST /dashboard - [Wed, 13 Oct 2021 01:29:33 GMT] - [Mozilla/5.0 (Windows NT 10.0; Win64; x64) AppleWebKit/537.36 (KHTML, like Gecko) Chrome/94.0.4606.81 Safari/537.36]
01655c8e-324d-43de-a2b0-bff544cc5d89 200 ::1 GET /dashboard 19.911 [Wed, 13 Oct 2021 01:31:46 GMT] - [Mozilla/5.0 (Windows NT 10.0; Win64; x64) AppleWebKit/537.36 (KHTML, like Gecko) Chrome/94.0.4606.81 Safari/537.36]
b8f57086-6daa-4783-9a35-5d687401c8e7 - ::1 POST /dashboard - [Wed, 13 Oct 2021 01:32:16 GMT] - [Mozilla/5.0 (Windows NT 10.0; Win64; x64) AppleWebKit/537.36 (KHTML, like Gecko) Chrome/94.0.4606.81 Safari/537.36]
29adbbe1-0af4-44c9-a001-2be0437d296e 304 ::1 GET /dashboard 25.106 [Wed, 13 Oct 2021 01:33:26 GMT] - [Mozilla/5.0 (Windows NT 10.0; Win64; x64) AppleWebKit/537.36 (KHTML, like Gecko) Chrome/94.0.4606.81 Safari/537.36]
a05584ec-332a-4a70-a667-dc868a99ad4d - ::1 POST /dashboard - [Wed, 13 Oct 2021 01:33:30 GMT] - [Mozilla/5.0 (Windows NT 10.0; Win64; x64) AppleWebKit/537.36 (KHTML, like Gecko) Chrome/94.0.4606.81 Safari/537.36]
701ef0ec-9eb8-4419-8b60-181a3a1ed7ab 304 ::1 GET /dashboard 32.783 [Wed, 13 Oct 2021 01:36:31 GMT] - [Mozilla/5.0 (Windows NT 10.0; Win64; x64) AppleWebKit/537.36 (KHTML, like Gecko) Chrome/94.0.4606.81 Safari/537.36]
bacf292b-1581-4903-b427-017fc96c89be - ::1 POST /dashboard - [Wed, 13 Oct 2021 01:36:35 GMT] - [Mozilla/5.0 (Windows NT 10.0; Win64; x64) AppleWebKit/537.36 (KHTML, like Gecko) Chrome/94.0.4606.81 Safari/537.36]
51bbf7d3-3044-46b3-8b7e-3928f19fd5b7 200 ::1 GET /dashboard 11.660 [Wed, 13 Oct 2021 01:37:45 GMT] - [Mozilla/5.0 (Windows NT 10.0; Win64; x64) AppleWebKit/537.36 (KHTML, like Gecko) Chrome/94.0.4606.81 Safari/537.36]
d8b63db6-19a6-4552-81b5-7446dad63e1c 304 ::1 GET /dashboard 11.769 [Wed, 13 Oct 2021 01:37:50 GMT] - [Mozilla/5.0 (Windows NT 10.0; Win64; x64) AppleWebKit/537.36 (KHTML, like Gecko) Chrome/94.0.4606.81 Safari/537.36]
301167d7-393a-450b-8e22-5cafdd53925c - ::1 POST /dashboard - [Wed, 13 Oct 2021 01:37:56 GMT] - [Mozilla/5.0 (Windows NT 10.0; Win64; x64) AppleWebKit/537.36 (KHTML, like Gecko) Chrome/94.0.4606.81 Safari/537.36]
854101bd-bf68-40e5-8bc8-fac683690381 304 ::1 GET /dashboard 29.410 [Wed, 13 Oct 2021 01:40:44 GMT] - [Mozilla/5.0 (Windows NT 10.0; Win64; x64) AppleWebKit/537.36 (KHTML, like Gecko) Chrome/94.0.4606.81 Safari/537.36]
dccf4a09-f6cf-4737-abd5-5fcfc432d362 - ::1 POST /dashboard - [Wed, 13 Oct 2021 01:40:50 GMT] - [Mozilla/5.0 (Windows NT 10.0; Win64; x64) AppleWebKit/537.36 (KHTML, like Gecko) Chrome/94.0.4606.81 Safari/537.36]
ccd3fe0d-4e5b-418e-b82f-f7bb12cff57e 304 ::1 GET /dashboard 26.769 [Wed, 13 Oct 2021 01:41:15 GMT] - [Mozilla/5.0 (Windows NT 10.0; Win64; x64) AppleWebKit/537.36 (KHTML, like Gecko) Chrome/94.0.4606.81 Safari/537.36]
8665de00-69cc-41c1-8d65-c6f501270ea9 - ::1 POST /dashboard - [Wed, 13 Oct 2021 01:41:20 GMT] - [Mozilla/5.0 (Windows NT 10.0; Win64; x64) AppleWebKit/537.36 (KHTML, like Gecko) Chrome/94.0.4606.81 Safari/537.36]
c90eb82c-6c52-415a-a7af-d80f56d5d615 304 ::1 GET /dashboard 38.768 [Wed, 13 Oct 2021 01:41:52 GMT] - [Mozilla/5.0 (Windows NT 10.0; Win64; x64) AppleWebKit/537.36 (KHTML, like Gecko) Chrome/94.0.4606.81 Safari/537.36]
762e367d-201b-4e74-bed4-8e77cdb15efa - ::1 POST /dashboard - [Wed, 13 Oct 2021 01:41:57 GMT] - [Mozilla/5.0 (Windows NT 10.0; Win64; x64) AppleWebKit/537.36 (KHTML, like Gecko) Chrome/94.0.4606.81 Safari/537.36]
5490f955-31d1-4252-9a48-8169e4f0e4cf 200 ::1 GET /dashboard 25.613 [Wed, 13 Oct 2021 01:49:08 GMT] - [Mozilla/5.0 (Windows NT 10.0; Win64; x64) AppleWebKit/537.36 (KHTML, like Gecko) Chrome/94.0.4606.81 Safari/537.36]
77d7cd20-5843-4626-88a1-7bd0b2cdd5d6 - ::1 POST /dashboard - [Wed, 13 Oct 2021 01:49:18 GMT] - [Mozilla/5.0 (Windows NT 10.0; Win64; x64) AppleWebKit/537.36 (KHTML, like Gecko) Chrome/94.0.4606.81 Safari/537.36]
ce092c88-5a36-4459-90ab-5a86631cf307 304 ::1 GET /dashboard 24.314 [Wed, 13 Oct 2021 01:51:27 GMT] - [Mozilla/5.0 (Windows NT 10.0; Win64; x64) AppleWebKit/537.36 (KHTML, like Gecko) Chrome/94.0.4606.81 Safari/537.36]
9f01ecc0-8670-44e8-936a-bedce8c4b9e2 200 ::1 POST /dashboard 554.700 [Wed, 13 Oct 2021 01:51:31 GMT] - [Mozilla/5.0 (Windows NT 10.0; Win64; x64) AppleWebKit/537.36 (KHTML, like Gecko) Chrome/94.0.4606.81 Safari/537.36]
041e01f8-b840-4d3b-8bcf-f6e02b61b1bc 500 ::1 GET /dashboard 11.559 [Wed, 13 Oct 2021 01:55:28 GMT] - [Mozilla/5.0 (Windows NT 10.0; Win64; x64) AppleWebKit/537.36 (KHTML, like Gecko) Chrome/94.0.4606.81 Safari/537.36]
c3c436c7-fdf9-4260-a63e-9cad666807fc 302 ::1 POST /login 126.127 [Wed, 13 Oct 2021 01:58:32 GMT] - [Mozilla/5.0 (Windows NT 10.0; Win64; x64) AppleWebKit/537.36 (KHTML, like Gecko) Chrome/94.0.4606.81 Safari/537.36]
9507cb14-e688-4b0d-bfa8-157c2b9d84d2 200 ::1 GET /dashboard 14.895 [Wed, 13 Oct 2021 01:58:32 GMT] - [Mozilla/5.0 (Windows NT 10.0; Win64; x64) AppleWebKit/537.36 (KHTML, like Gecko) Chrome/94.0.4606.81 Safari/537.36]
ba43f89b-6486-49fc-b6b3-adefbd988003 500 ::1 POST /dashboard 592.475 [Wed, 13 Oct 2021 01:58:36 GMT] - [Mozilla/5.0 (Windows NT 10.0; Win64; x64) AppleWebKit/537.36 (KHTML, like Gecko) Chrome/94.0.4606.81 Safari/537.36]
3cc9391e-3d87-4924-9900-aaf79c038568 500 ::1 POST /dashboard 543.742 [Wed, 13 Oct 2021 02:02:52 GMT] - [Mozilla/5.0 (Windows NT 10.0; Win64; x64) AppleWebKit/537.36 (KHTML, like Gecko) Chrome/94.0.4606.81 Safari/537.36]
68bff7ba-ee5f-44f8-935c-8c104bfcfb43 500 ::1 POST /dashboard 428.954 [Wed, 13 Oct 2021 02:03:11 GMT] - [Mozilla/5.0 (Windows NT 10.0; Win64; x64) AppleWebKit/537.36 (KHTML, like Gecko) Chrome/94.0.4606.81 Safari/537.36]
e8854a6d-f837-4b49-957c-6b003dc68800 304 ::1 GET /dashboard 19.222 [Wed, 13 Oct 2021 02:06:20 GMT] - [Mozilla/5.0 (Windows NT 10.0; Win64; x64) AppleWebKit/537.36 (KHTML, like Gecko) Chrome/94.0.4606.81 Safari/537.36]
720d18b9-6592-48d8-960a-af441027062e - ::1 POST /dashboard - [Wed, 13 Oct 2021 02:06:25 GMT] - [Mozilla/5.0 (Windows NT 10.0; Win64; x64) AppleWebKit/537.36 (KHTML, like Gecko) Chrome/94.0.4606.81 Safari/537.36]
d545d6b8-cd8c-47d8-a548-73c5360443c9 304 ::ffff:127.0.0.1 GET /dashboard 18.769 [Wed, 13 Oct 2021 02:08:58 GMT] - [Mozilla/5.0 (Windows NT 10.0; Win64; x64) AppleWebKit/537.36 (KHTML, like Gecko) Chrome/94.0.4606.81 Safari/537.36]
74d2c936-30cc-4368-862a-cc804c56a210 - ::ffff:127.0.0.1 POST /dashboard - [Wed, 13 Oct 2021 02:09:02 GMT] - [Mozilla/5.0 (Windows NT 10.0; Win64; x64) AppleWebKit/537.36 (KHTML, like Gecko) Chrome/94.0.4606.81 Safari/537.36]
c19ea147-a5e4-4e44-93cd-48dba76718f9 304 ::1 GET /dashboard 23.350 [Wed, 13 Oct 2021 02:09:50 GMT] - [Mozilla/5.0 (Windows NT 10.0; Win64; x64) AppleWebKit/537.36 (KHTML, like Gecko) Chrome/94.0.4606.81 Safari/537.36]
f180524d-6813-4ade-83ef-91e3bb05a72a - ::1 POST /dashboard - [Wed, 13 Oct 2021 02:09:55 GMT] - [Mozilla/5.0 (Windows NT 10.0; Win64; x64) AppleWebKit/537.36 (KHTML, like Gecko) Chrome/94.0.4606.81 Safari/537.36]
8367dd78-a752-4939-8454-f1a738a58fc8 304 ::1 GET /dashboard 22.896 [Wed, 13 Oct 2021 02:10:22 GMT] - [Mozilla/5.0 (Windows NT 10.0; Win64; x64) AppleWebKit/537.36 (KHTML, like Gecko) Chrome/94.0.4606.81 Safari/537.36]
a7e7eb3f-9253-46b1-96d9-1f3084a7524a 200 ::1 POST /dashboard 513.025 [Wed, 13 Oct 2021 02:10:25 GMT] - [Mozilla/5.0 (Windows NT 10.0; Win64; x64) AppleWebKit/537.36 (KHTML, like Gecko) Chrome/94.0.4606.81 Safari/537.36]
6030289a-c54c-4335-b65f-e099b8d121ba 200 ::1 GET /dashboard 11.441 [Wed, 13 Oct 2021 02:11:29 GMT] - [Mozilla/5.0 (Windows NT 10.0; Win64; x64) AppleWebKit/537.36 (KHTML, like Gecko) Chrome/94.0.4606.81 Safari/537.36]
7e9e2876-d6f8-4f0d-b373-c1d37762ee83 200 ::1 POST /dashboard 518.307 [Wed, 13 Oct 2021 02:11:33 GMT] - [Mozilla/5.0 (Windows NT 10.0; Win64; x64) AppleWebKit/537.36 (KHTML, like Gecko) Chrome/94.0.4606.81 Safari/537.36]
e48a1c5f-4863-4985-841c-9fda62ecb1ad 200 ::1 GET /dashboard 8.926 [Wed, 13 Oct 2021 02:12:59 GMT] - [Mozilla/5.0 (Windows NT 10.0; Win64; x64) AppleWebKit/537.36 (KHTML, like Gecko) Chrome/94.0.4606.81 Safari/537.36]
c9a3e3ef-b96f-4e06-afde-1ad6ebaf05ba 200 ::1 GET /dashboard 34.199 [Wed, 13 Oct 2021 02:26:31 GMT] - [Mozilla/5.0 (Windows NT 10.0; Win64; x64) AppleWebKit/537.36 (KHTML, like Gecko) Chrome/94.0.4606.81 Safari/537.36]
d700052b-e44e-4eb4-a781-df1a61aad0a0 200 ::1 POST /getLog 692.522 [Wed, 13 Oct 2021 02:26:35 GMT] - [Mozilla/5.0 (Windows NT 10.0; Win64; x64) AppleWebKit/537.36 (KHTML, like Gecko) Chrome/94.0.4606.81 Safari/537.36]
e564cfb9-b8bd-424f-b332-e8a405088d94 404 ::1 GET /getLog 11.706 [Wed, 13 Oct 2021 02:31:49 GMT] - [Mozilla/5.0 (Windows NT 10.0; Win64; x64) AppleWebKit/537.36 (KHTML, like Gecko) Chrome/94.0.4606.81 Safari/537.36]
74bf0996-9488-4531-82a4-b84a375349db 200 ::1 POST /getLog 458.645 [Wed, 13 Oct 2021 02:31:59 GMT] - [Mozilla/5.0 (Windows NT 10.0; Win64; x64) AppleWebKit/537.36 (KHTML, like Gecko) Chrome/94.0.4606.81 Safari/537.36]
4e1623a1-3916-495a-8476-ae27d47973e1 200 ::1 GET /getLog 22.735 [Wed, 13 Oct 2021 02:35:30 GMT] - [Mozilla/5.0 (Windows NT 10.0; Win64; x64) AppleWebKit/537.36 (KHTML, like Gecko) Chrome/94.0.4606.81 Safari/537.36]
7b52ef21-444d-4475-94d4-0ac8604b7b5e 200 ::1 POST /getLog 453.271 [Wed, 13 Oct 2021 02:35:40 GMT] - [Mozilla/5.0 (Windows NT 10.0; Win64; x64) AppleWebKit/537.36 (KHTML, like Gecko) Chrome/94.0.4606.81 Safari/537.36]
c51d3ce3-7af0-4264-ad83-afb6f9694549 200 ::1 GET /getLog 27.969 [Wed, 13 Oct 2021 02:43:23 GMT] - [Mozilla/5.0 (Windows NT 10.0; Win64; x64) AppleWebKit/537.36 (KHTML, like Gecko) Chrome/94.0.4606.81 Safari/537.36]
d05a4161-c3de-48d6-a1d0-b9200c83148e - ::1 POST /generateLogs - [Wed, 13 Oct 2021 02:43:28 GMT] - [Mozilla/5.0 (Windows NT 10.0; Win64; x64) AppleWebKit/537.36 (KHTML, like Gecko) Chrome/94.0.4606.81 Safari/537.36]
4d066668-0d71-46d4-b06c-d8390e0375a1 304 ::1 GET /getLog 22.114 [Wed, 13 Oct 2021 02:44:46 GMT] - [Mozilla/5.0 (Windows NT 10.0; Win64; x64) AppleWebKit/537.36 (KHTML, like Gecko) Chrome/94.0.4606.81 Safari/537.36]
84398f3d-c836-48bc-8d59-43ba1fc5fd00 200 ::1 POST /generateLogs 23170.882 [Wed, 13 Oct 2021 02:45:12 GMT] - [Mozilla/5.0 (Windows NT 10.0; Win64; x64) AppleWebKit/537.36 (KHTML, like Gecko) Chrome/94.0.4606.81 Safari/537.36]
193a3a03-5c79-4ecc-a180-2e17eb6196ba 200 ::1 POST /generateLogs 22579.641 [Wed, 13 Oct 2021 02:48:41 GMT] - [Mozilla/5.0 (Windows NT 10.0; Win64; x64) AppleWebKit/537.36 (KHTML, like Gecko) Chrome/94.0.4606.81 Safari/537.36]
fd48a593-2206-453b-aa5b-1a8e5aa8ae70 304 ::1 GET /getLog 32.895 [Wed, 13 Oct 2021 02:49:13 GMT] - [Mozilla/5.0 (Windows NT 10.0; Win64; x64) AppleWebKit/537.36 (KHTML, like Gecko) Chrome/94.0.4606.81 Safari/537.36]
ea9e0469-bb52-45c6-8efd-8fadcff766e6 404 ::1 GET /bootstrap/js/bootstrap.bundle.min.js.map 6.956 [Wed, 13 Oct 2021 02:50:03 GMT] - [Mozilla/5.0 (Windows NT 10.0; Win64; x64) AppleWebKit/537.36 (KHTML, like Gecko) Chrome/94.0.4606.81 Safari/537.36]
363ddc32-403a-49c7-aac0-8dde5fa3773f 200 ::1 GET /getLog 27.697 [Wed, 13 Oct 2021 02:52:03 GMT] - [Mozilla/5.0 (Windows NT 10.0; Win64; x64) AppleWebKit/537.36 (KHTML, like Gecko) Chrome/94.0.4606.81 Safari/537.36]
7761346f-4007-4003-af2f-28f386813236 404 ::1 GET /bootstrap/js/bootstrap.bundle.min.js.map 9.084 [Wed, 13 Oct 2021 02:52:03 GMT] - [Mozilla/5.0 (Windows NT 10.0; Win64; x64) AppleWebKit/537.36 (KHTML, like Gecko) Chrome/94.0.4606.81 Safari/537.36]
acb503a6-afa2-4b97-b1ff-dd268b9beaa0 200 ::1 GET /getLog 11.746 [Wed, 13 Oct 2021 02:52:20 GMT] - [Mozilla/5.0 (Windows NT 10.0; Win64; x64) AppleWebKit/537.36 (KHTML, like Gecko) Chrome/94.0.4606.81 Safari/537.36]
b520fdc0-8f31-4c8e-94ed-74552cc1a935 404 ::1 GET /bootstrap/js/bootstrap.bundle.min.js.map 14.490 [Wed, 13 Oct 2021 02:52:21 GMT] - [Mozilla/5.0 (Windows NT 10.0; Win64; x64) AppleWebKit/537.36 (KHTML, like Gecko) Chrome/94.0.4606.81 Safari/537.36]
354b630c-a7bc-4289-9e0f-2be0c0a49a5b 200 ::1 GET /getLog 11.240 [Wed, 13 Oct 2021 02:53:58 GMT] - [Mozilla/5.0 (Windows NT 10.0; Win64; x64) AppleWebKit/537.36 (KHTML, like Gecko) Chrome/94.0.4606.81 Safari/537.36]
b6229c5b-6cb5-4425-b1e7-2d9cf1ec7884 404 ::1 GET /bootstrap/js/bootstrap.bundle.min.js.map 4.746 [Wed, 13 Oct 2021 02:53:58 GMT] - [Mozilla/5.0 (Windows NT 10.0; Win64; x64) AppleWebKit/537.36 (KHTML, like Gecko) Chrome/94.0.4606.81 Safari/537.36]
ea32eab9-17be-4bdd-b308-c243af56a393 200 ::1 GET /getLog 25.060 [Wed, 13 Oct 2021 02:56:30 GMT] - [Mozilla/5.0 (Windows NT 10.0; Win64; x64) AppleWebKit/537.36 (KHTML, like Gecko) Chrome/94.0.4606.81 Safari/537.36]
4e6209c6-b3ac-4239-9707-5763a60a0566 404 ::1 GET /bootstrap/js/bootstrap.bundle.min.js.map 22.816 [Wed, 13 Oct 2021 02:56:31 GMT] - [Mozilla/5.0 (Windows NT 10.0; Win64; x64) AppleWebKit/537.36 (KHTML, like Gecko) Chrome/94.0.4606.81 Safari/537.36]
a210e608-31e0-44a2-bb2c-d4a13a80207b 200 ::1 GET /getLog 28.587 [Wed, 13 Oct 2021 02:57:49 GMT] - [Mozilla/5.0 (Windows NT 10.0; Win64; x64) AppleWebKit/537.36 (KHTML, like Gecko) Chrome/94.0.4606.81 Safari/537.36]
3e82e49c-a4eb-4856-a37b-99d28ecfb212 404 ::1 GET /bootstrap/js/bootstrap.bundle.min.js.map 11.194 [Wed, 13 Oct 2021 02:57:50 GMT] - [Mozilla/5.0 (Windows NT 10.0; Win64; x64) AppleWebKit/537.36 (KHTML, like Gecko) Chrome/94.0.4606.81 Safari/537.36]
475bc346-7f4a-41c9-aad3-266bb09a8ce1 200 ::1 GET /getLog 11.694 [Wed, 13 Oct 2021 02:59:50 GMT] - [Mozilla/5.0 (Windows NT 10.0; Win64; x64) AppleWebKit/537.36 (KHTML, like Gecko) Chrome/94.0.4606.81 Safari/537.36]
a0f6a4f0-1b70-41e4-884c-f19cdc3ed3f9 404 ::1 GET /bootstrap/js/bootstrap.bundle.min.js.map 10.594 [Wed, 13 Oct 2021 02:59:50 GMT] - [Mozilla/5.0 (Windows NT 10.0; Win64; x64) AppleWebKit/537.36 (KHTML, like Gecko) Chrome/94.0.4606.81 Safari/537.36]
7e57c7b7-d94a-4d49-9e9c-119e12d2ae62 200 ::1 GET /getLog 10.172 [Wed, 13 Oct 2021 03:04:38 GMT] - [Mozilla/5.0 (Windows NT 10.0; Win64; x64) AppleWebKit/537.36 (KHTML, like Gecko) Chrome/94.0.4606.81 Safari/537.36]
217a7d82-5a67-49ba-be46-ea041e690582 404 ::1 GET /bootstrap/js/bootstrap.bundle.min.js.map 14.592 [Wed, 13 Oct 2021 03:04:40 GMT] - [Mozilla/5.0 (Windows NT 10.0; Win64; x64) AppleWebKit/537.36 (KHTML, like Gecko) Chrome/94.0.4606.81 Safari/537.36]
c062f4de-dc5f-4292-b25f-cc402367e304 200 ::1 GET /getLog 8.571 [Wed, 13 Oct 2021 03:06:04 GMT] - [Mozilla/5.0 (Windows NT 10.0; Win64; x64) AppleWebKit/537.36 (KHTML, like Gecko) Chrome/94.0.4606.81 Safari/537.36]
0b7d072a-f473-471c-a1fd-ff6455fed563 404 ::1 GET /bootstrap/js/bootstrap.bundle.min.js.map 6.947 [Wed, 13 Oct 2021 03:06:05 GMT] - [Mozilla/5.0 (Windows NT 10.0; Win64; x64) AppleWebKit/537.36 (KHTML, like Gecko) Chrome/94.0.4606.81 Safari/537.36]
3a95308b-734e-4e63-a0e0-9ac38bb57416 200 ::1 GET /getLog 9.348 [Wed, 13 Oct 2021 03:06:54 GMT] - [Mozilla/5.0 (Windows NT 10.0; Win64; x64) AppleWebKit/537.36 (KHTML, like Gecko) Chrome/94.0.4606.81 Safari/537.36]
9023bcc0-ff99-49ad-84cc-99706d673de6 404 ::1 GET /bootstrap/js/bootstrap.bundle.min.js.map 4.835 [Wed, 13 Oct 2021 03:06:56 GMT] - [Mozilla/5.0 (Windows NT 10.0; Win64; x64) AppleWebKit/537.36 (KHTML, like Gecko) Chrome/94.0.4606.81 Safari/537.36]
a348f382-8584-482c-a17d-c67871407e0d 200 ::1 GET /getLog 24.553 [Wed, 13 Oct 2021 03:07:47 GMT] - [Mozilla/5.0 (Windows NT 10.0; Win64; x64) AppleWebKit/537.36 (KHTML, like Gecko) Chrome/94.0.4606.81 Safari/537.36]
3fef9cea-8b46-4596-a22e-b96722c50c45 404 ::1 GET /bootstrap/js/bootstrap.bundle.min.js.map 6.172 [Wed, 13 Oct 2021 03:07:48 GMT] - [Mozilla/5.0 (Windows NT 10.0; Win64; x64) AppleWebKit/537.36 (KHTML, like Gecko) Chrome/94.0.4606.81 Safari/537.36]
c86913a5-7686-459c-8f1a-04c3646195e0 200 ::1 GET /getLog 40.248 [Wed, 13 Oct 2021 03:08:53 GMT] - [Mozilla/5.0 (Windows NT 10.0; Win64; x64) AppleWebKit/537.36 (KHTML, like Gecko) Chrome/94.0.4606.81 Safari/537.36]
5a6bcf0b-8fb4-4516-8415-04f138def18d 404 ::1 GET /bootstrap/js/bootstrap.bundle.min.js.map 5.507 [Wed, 13 Oct 2021 03:08:55 GMT] - [Mozilla/5.0 (Windows NT 10.0; Win64; x64) AppleWebKit/537.36 (KHTML, like Gecko) Chrome/94.0.4606.81 Safari/537.36]
f9219bb9-e9e2-491e-8328-80a4d5e4ad39 200 ::1 GET /getLog 7.298 [Wed, 13 Oct 2021 03:09:26 GMT] - [Mozilla/5.0 (Windows NT 10.0; Win64; x64) AppleWebKit/537.36 (KHTML, like Gecko) Chrome/94.0.4606.81 Safari/537.36]
d0d5dad2-26dd-4de8-ad33-ef6aed00cc3a 404 ::1 GET /bootstrap/js/bootstrap.bundle.min.js.map 4.392 [Wed, 13 Oct 2021 03:09:27 GMT] - [Mozilla/5.0 (Windows NT 10.0; Win64; x64) AppleWebKit/537.36 (KHTML, like Gecko) Chrome/94.0.4606.81 Safari/537.36]
f7ef02e7-5be0-4dc1-a959-2fa3fc757c47 200 ::1 POST /getLog 882.199 [Wed, 13 Oct 2021 03:09:33 GMT] - [Mozilla/5.0 (Windows NT 10.0; Win64; x64) AppleWebKit/537.36 (KHTML, like Gecko) Chrome/94.0.4606.81 Safari/537.36]
d93b74f9-2660-42e7-ab42-594a6093b80a 404 ::1 GET /bootstrap/js/bootstrap.bundle.min.js.map 6.038 [Wed, 13 Oct 2021 03:09:34 GMT] - [Mozilla/5.0 (Windows NT 10.0; Win64; x64) AppleWebKit/537.36 (KHTML, like Gecko) Chrome/94.0.4606.81 Safari/537.36]
1545a8cc-a04f-4567-b22c-92a90999427e 200 ::1 POST /generateLogs 22080.296 [Wed, 13 Oct 2021 03:10:08 GMT] - [Mozilla/5.0 (Windows NT 10.0; Win64; x64) AppleWebKit/537.36 (KHTML, like Gecko) Chrome/94.0.4606.81 Safari/537.36]
9135fd1a-1a3d-4b75-8dec-99142d0ba8c8 200 ::1 POST /generateLogs 17570.682 [Wed, 13 Oct 2021 03:13:56 GMT] - [Mozilla/5.0 (Windows NT 10.0; Win64; x64) AppleWebKit/537.36 (KHTML, like Gecko) Chrome/94.0.4606.81 Safari/537.36]
ef4fdcc1-3b35-44bc-afbd-0b43f7906ea2 200 ::1 POST /getLog 894.384 [Wed, 13 Oct 2021 03:20:00 GMT] - [Mozilla/5.0 (Windows NT 10.0; Win64; x64) AppleWebKit/537.36 (KHTML, like Gecko) Chrome/94.0.4606.81 Safari/537.36]
4f76d2e3-145a-44f4-aad1-9b0980120424 - ::1 POST /getLog - [Wed, 13 Oct 2021 08:38:59 GMT] - [Mozilla/5.0 (Windows NT 10.0; Win64; x64) AppleWebKit/537.36 (KHTML, like Gecko) Chrome/94.0.4606.81 Safari/537.36]
7cba1b6d-0344-4eb2-9d78-973c2e2e7504 200 ::1 GET /getLog 30.264 [Wed, 13 Oct 2021 08:39:09 GMT] - [Mozilla/5.0 (Windows NT 10.0; Win64; x64) AppleWebKit/537.36 (KHTML, like Gecko) Chrome/94.0.4606.81 Safari/537.36]
39d06ebf-d3d0-4bec-9dc7-d3d69489d84b 302 ::1 GET /logout 61.456 [Wed, 13 Oct 2021 08:39:15 GMT] - [Mozilla/5.0 (Windows NT 10.0; Win64; x64) AppleWebKit/537.36 (KHTML, like Gecko) Chrome/94.0.4606.81 Safari/537.36]
a94594dc-f55e-4ad1-be89-ae937e0c0333 200 ::1 GET /login 42.220 [Wed, 13 Oct 2021 08:39:15 GMT] - [Mozilla/5.0 (Windows NT 10.0; Win64; x64) AppleWebKit/537.36 (KHTML, like Gecko) Chrome/94.0.4606.81 Safari/537.36]
e399c085-d8dc-4650-bdff-62aee7f5ac65 302 ::1 POST /login 263.300 [Wed, 13 Oct 2021 08:39:22 GMT] - [Mozilla/5.0 (Windows NT 10.0; Win64; x64) AppleWebKit/537.36 (KHTML, like Gecko) Chrome/94.0.4606.81 Safari/537.36]
edcce126-fa14-4169-916c-19379d606b7d 200 ::1 GET /dashboard 17.750 [Wed, 13 Oct 2021 08:39:22 GMT] - [Mozilla/5.0 (Windows NT 10.0; Win64; x64) AppleWebKit/537.36 (KHTML, like Gecko) Chrome/94.0.4606.81 Safari/537.36]
af3e05cf-493e-4be2-b753-4d6d863e56ad 200 ::1 POST /getLog 1793.382 [Wed, 13 Oct 2021 08:39:43 GMT] - [Mozilla/5.0 (Windows NT 10.0; Win64; x64) AppleWebKit/537.36 (KHTML, like Gecko) Chrome/94.0.4606.81 Safari/537.36]
91978789-1e5f-4eda-8445-9ca3707adfac 200 ::1 POST /generateLogs 61080.878 [Wed, 13 Oct 2021 08:40:56 GMT] - [Mozilla/5.0 (Windows NT 10.0; Win64; x64) AppleWebKit/537.36 (KHTML, like Gecko) Chrome/94.0.4606.81 Safari/537.36]
f6203333-d213-4912-a8b1-a1cf76d3bc40 200 ::1 POST /getLog 3782.080 [Wed, 13 Oct 2021 10:06:45 GMT] - [Mozilla/5.0 (Windows NT 10.0; Win64; x64) AppleWebKit/537.36 (KHTML, like Gecko) Chrome/94.0.4606.81 Safari/537.36]
ac1664a4-25df-4e9b-9857-2dcc864a0777 200 ::1 GET /getLog 30.737 [Wed, 13 Oct 2021 10:07:50 GMT] - [Mozilla/5.0 (Windows NT 10.0; Win64; x64) AppleWebKit/537.36 (KHTML, like Gecko) Chrome/94.0.4606.81 Safari/537.36]
519cd316-2565-4c87-ab45-2806a209157c 200 ::1 GET / 134.262 [Wed, 13 Oct 2021 11:07:01 GMT] - [Mozilla/5.0 (Windows NT 10.0; Win64; x64) AppleWebKit/537.36 (KHTML, like Gecko) Chrome/94.0.4606.81 Safari/537.36]
1bc85c4d-e1d6-442a-b173-6b18557f1aec 302 ::1 POST /login 542.024 [Wed, 13 Oct 2021 11:08:04 GMT] - [Mozilla/5.0 (Windows NT 10.0; Win64; x64) AppleWebKit/537.36 (KHTML, like Gecko) Chrome/94.0.4606.81 Safari/537.36]
1c87e772-74b0-4b28-9e7e-aec1cab79688 200 ::1 GET /dashboard 80.185 [Wed, 13 Oct 2021 11:08:04 GMT] - [Mozilla/5.0 (Windows NT 10.0; Win64; x64) AppleWebKit/537.36 (KHTML, like Gecko) Chrome/94.0.4606.81 Safari/537.36]
5f2e299c-c57b-4729-8d9d-aecf2ddca14e 304 ::1 GET / 123.151 [Wed, 13 Oct 2021 11:12:45 GMT] - [Mozilla/5.0 (Windows NT 10.0; Win64; x64) AppleWebKit/537.36 (KHTML, like Gecko) Chrome/94.0.4606.81 Safari/537.36]
3bd2a45a-db17-4ab9-9f34-23ecba159d96 302 ::1 POST /login 351.493 [Wed, 13 Oct 2021 11:12:57 GMT] - [Mozilla/5.0 (Windows NT 10.0; Win64; x64) AppleWebKit/537.36 (KHTML, like Gecko) Chrome/94.0.4606.81 Safari/537.36]
4bf9ee02-7e7d-46c1-931b-a28cfe4924d7 200 ::1 GET /dashboard 31.387 [Wed, 13 Oct 2021 11:12:57 GMT] - [Mozilla/5.0 (Windows NT 10.0; Win64; x64) AppleWebKit/537.36 (KHTML, like Gecko) Chrome/94.0.4606.81 Safari/537.36]
1c2c15f9-b302-4e15-bbfc-c1631331a986 200 ::1 POST /getLog 11744.270 [Wed, 13 Oct 2021 14:59:32 GMT] - [Mozilla/5.0 (Windows NT 10.0; Win64; x64) AppleWebKit/537.36 (KHTML, like Gecko) Chrome/94.0.4606.81 Safari/537.36]
3d8e6d9f-38e7-42c3-b815-17449f26579b 200 ::1 GET /getLog 26.818 [Wed, 13 Oct 2021 14:59:48 GMT] - [Mozilla/5.0 (Windows NT 10.0; Win64; x64) AppleWebKit/537.36 (KHTML, like Gecko) Chrome/94.0.4606.81 Safari/537.36]
bd2844c2-c4b4-4498-a264-4807ba6cab5b 200 ::1 POST /getLog 9071.768 [Wed, 13 Oct 2021 15:00:33 GMT] - [Mozilla/5.0 (Windows NT 10.0; Win64; x64) AppleWebKit/537.36 (KHTML, like Gecko) Chrome/94.0.4606.81 Safari/537.36]
0ed4accc-e503-48e1-a6fb-e4a53fef427d - ::1 POST /getLog - [Wed, 13 Oct 2021 15:00:47 GMT] - [Mozilla/5.0 (Windows NT 10.0; Win64; x64) AppleWebKit/537.36 (KHTML, like Gecko) Chrome/94.0.4606.81 Safari/537.36]
0ce79726-dcd3-42f2-bac5-96897f9d1a14 200 ::1 GET /getLog 55.033 [Wed, 13 Oct 2021 15:00:48 GMT] - [Mozilla/5.0 (Windows NT 10.0; Win64; x64) AppleWebKit/537.36 (KHTML, like Gecko) Chrome/94.0.4606.81 Safari/537.36]
96d9bba0-591a-47c4-a2f9-2417b198a5ba 200 ::1 POST /getLog 10118.873 [Wed, 13 Oct 2021 15:01:10 GMT] - [Mozilla/5.0 (Windows NT 10.0; Win64; x64) AppleWebKit/537.36 (KHTML, like Gecko) Chrome/94.0.4606.81 Safari/537.36]
664a22f1-635e-4513-830b-6fe3cf0a6910 200 ::1 POST /getLog 10891.378 [Wed, 13 Oct 2021 15:02:05 GMT] - [Mozilla/5.0 (Windows NT 10.0; Win64; x64) AppleWebKit/537.36 (KHTML, like Gecko) Chrome/94.0.4606.81 Safari/537.36]
6a921a3b-ece3-4b7b-808a-1970eb768a2f 200 ::1 POST /getLog 10305.230 [Wed, 13 Oct 2021 15:03:55 GMT] - [Mozilla/5.0 (Windows NT 10.0; Win64; x64) AppleWebKit/537.36 (KHTML, like Gecko) Chrome/94.0.4606.81 Safari/537.36]
eac6563f-fb10-4d24-b70e-382532cbd78f 200 ::1 POST /getLog 10446.901 [Wed, 13 Oct 2021 15:06:02 GMT] - [Mozilla/5.0 (Windows NT 10.0; Win64; x64) AppleWebKit/537.36 (KHTML, like Gecko) Chrome/94.0.4606.81 Safari/537.36]
7958f8c8-9909-43cc-b6cb-40b4dda9bae7 200 ::1 POST /getLog 10587.314 [Wed, 13 Oct 2021 15:06:32 GMT] - [Mozilla/5.0 (Windows NT 10.0; Win64; x64) AppleWebKit/537.36 (KHTML, like Gecko) Chrome/94.0.4606.81 Safari/537.36]
14905183-64d2-46db-8379-12a5c4103d64 200 ::1 POST /getLog 10318.664 [Wed, 13 Oct 2021 15:07:03 GMT] - [Mozilla/5.0 (Windows NT 10.0; Win64; x64) AppleWebKit/537.36 (KHTML, like Gecko) Chrome/94.0.4606.81 Safari/537.36]
391f893e-2d6f-443f-91d3-801993506805 200 ::1 POST /getLog 10659.082 [Wed, 13 Oct 2021 15:07:29 GMT] - [Mozilla/5.0 (Windows NT 10.0; Win64; x64) AppleWebKit/537.36 (KHTML, like Gecko) Chrome/94.0.4606.81 Safari/537.36]
1697fc71-b9b7-4ec8-affa-7973d4bedbbe 302 ::1 GET /logout 45.874 [Wed, 13 Oct 2021 15:08:13 GMT] - [Mozilla/5.0 (Windows NT 10.0; Win64; x64) AppleWebKit/537.36 (KHTML, like Gecko) Chrome/94.0.4606.81 Safari/537.36]
5cd1fa43-200d-4623-8ef3-d4d71e688b19 200 ::1 GET /login 25.027 [Wed, 13 Oct 2021 15:08:13 GMT] - [Mozilla/5.0 (Windows NT 10.0; Win64; x64) AppleWebKit/537.36 (KHTML, like Gecko) Chrome/94.0.4606.81 Safari/537.36]
013e1d31-3fc2-47b9-8b09-5a25469d858b 302 ::1 POST /login 513.012 [Wed, 13 Oct 2021 15:08:31 GMT] - [Mozilla/5.0 (Windows NT 10.0; Win64; x64) AppleWebKit/537.36 (KHTML, like Gecko) Chrome/94.0.4606.81 Safari/537.36]
8736ab99-303b-4d4d-b98e-c8f344ff6c59 200 ::1 GET /dashboard 36.129 [Wed, 13 Oct 2021 15:08:31 GMT] - [Mozilla/5.0 (Windows NT 10.0; Win64; x64) AppleWebKit/537.36 (KHTML, like Gecko) Chrome/94.0.4606.81 Safari/537.36]
53a38be6-5087-4040-a71b-82c90e4e7bf2 500 ::1 POST /generateLogs 132698.850 [Wed, 13 Oct 2021 15:10:48 GMT] - [Mozilla/5.0 (Windows NT 10.0; Win64; x64) AppleWebKit/537.36 (KHTML, like Gecko) Chrome/94.0.4606.81 Safari/537.36]
808ae597-7030-4d11-b023-713eeac4e02e 200 ::1 GET /dashboard 41.521 [Wed, 13 Oct 2021 15:18:48 GMT] - [Mozilla/5.0 (Windows NT 10.0; Win64; x64) AppleWebKit/537.36 (KHTML, like Gecko) Chrome/94.0.4606.81 Safari/537.36]
2cfbb33c-02e0-4119-88ea-c183cd35e713 200 ::1 POST /getLog 4247.707 [Wed, 13 Oct 2021 15:19:13 GMT] - [Mozilla/5.0 (Windows NT 10.0; Win64; x64) AppleWebKit/537.36 (KHTML, like Gecko) Chrome/94.0.4606.81 Safari/537.36]
770a88b8-0986-4bb3-b0ac-881a5dd6cefa 200 ::1 GET /getLog 7.377 [Wed, 13 Oct 2021 15:19:24 GMT] - [Mozilla/5.0 (Windows NT 10.0; Win64; x64) AppleWebKit/537.36 (KHTML, like Gecko) Chrome/94.0.4606.81 Safari/537.36]
608b9f42-54b6-4050-94ef-a4498d61e456 200 ::1 GET /dashboard 9.953 [Wed, 13 Oct 2021 15:19:43 GMT] - [Mozilla/5.0 (Windows NT 10.0; Win64; x64) AppleWebKit/537.36 (KHTML, like Gecko) Chrome/94.0.4606.81 Safari/537.36]
10d22f7c-e56b-410d-afd9-460c74d419fa 200 ::1 POST /getLog 3761.302 [Wed, 13 Oct 2021 15:30:08 GMT] - [Mozilla/5.0 (Windows NT 10.0; Win64; x64) AppleWebKit/537.36 (KHTML, like Gecko) Chrome/94.0.4606.81 Safari/537.36]
0bba09f4-64b4-48ab-a196-f96ecf5e7ee5 404 ::1 GET /bootstrap/js/bootstrap.bundle.min.js.map 9.121 [Wed, 13 Oct 2021 15:30:33 GMT] - [Mozilla/5.0 (Windows NT 10.0; Win64; x64) AppleWebKit/537.36 (KHTML, like Gecko) Chrome/94.0.4606.81 Safari/537.36]
0a67171f-f985-4d3f-b6dd-8e5b1855b465 200 ::1 POST /getLog 3076.263 [Wed, 13 Oct 2021 15:32:47 GMT] - [Mozilla/5.0 (Windows NT 10.0; Win64; x64) AppleWebKit/537.36 (KHTML, like Gecko) Chrome/94.0.4606.81 Safari/537.36]
918c62be-0e63-4632-99f7-62835efc4a66 404 ::1 GET /bootstrap/js/bootstrap.bundle.min.js.map 9.331 [Wed, 13 Oct 2021 15:32:47 GMT] - [Mozilla/5.0 (Windows NT 10.0; Win64; x64) AppleWebKit/537.36 (KHTML, like Gecko) Chrome/94.0.4606.81 Safari/537.36]
3500a059-6be9-4937-abf7-25bda7d50e23 200 ::1 POST /getLog 11342.739 [Wed, 13 Oct 2021 16:49:11 GMT] - [Mozilla/5.0 (Windows NT 10.0; Win64; x64) AppleWebKit/537.36 (KHTML, like Gecko) Chrome/94.0.4606.81 Safari/537.36]
