2f62eddd-088d-4d26-b8f8-5bf98f7d74b7 200 ::1 GET / 166.733 [Wed, 20 Oct 2021 08:41:03 GMT] - [Mozilla/5.0 (Windows NT 10.0; Win64; x64) AppleWebKit/537.36 (KHTML, like Gecko) Chrome/94.0.4606.81 Safari/537.36]
65ced197-85b2-4266-acec-26e09661a892 302 ::1 POST /login 312.387 [Wed, 20 Oct 2021 08:41:27 GMT] - [Mozilla/5.0 (Windows NT 10.0; Win64; x64) AppleWebKit/537.36 (KHTML, like Gecko) Chrome/94.0.4606.81 Safari/537.36]
c93cfed5-9b2d-430a-a2df-c033ee04e09f 200 ::1 GET /dashboard 23.026 [Wed, 20 Oct 2021 08:41:27 GMT] - [Mozilla/5.0 (Windows NT 10.0; Win64; x64) AppleWebKit/537.36 (KHTML, like Gecko) Chrome/94.0.4606.81 Safari/537.36]
9fd06357-3ad1-475b-8f10-a99fa3abcce2 200 ::1 POST /getLog 9339.924 [Wed, 20 Oct 2021 08:42:25 GMT] - [Mozilla/5.0 (Windows NT 10.0; Win64; x64) AppleWebKit/537.36 (KHTML, like Gecko) Chrome/94.0.4606.81 Safari/537.36]
0547dc54-6045-4de5-b545-c96a5231532a 200 ::1 POST /getLog 7654.794 [Wed, 20 Oct 2021 08:42:44 GMT] - [Mozilla/5.0 (Windows NT 10.0; Win64; x64) AppleWebKit/537.36 (KHTML, like Gecko) Chrome/94.0.4606.81 Safari/537.36]
51e3b78e-7045-4060-8f01-dff5e6d1ec4a 500 ::1 GET /getLog 52.902 [Wed, 20 Oct 2021 08:53:58 GMT] - [Mozilla/5.0 (Windows NT 10.0; Win64; x64) AppleWebKit/537.36 (KHTML, like Gecko) Chrome/94.0.4606.81 Safari/537.36]
3d82d76b-317b-48a0-a416-8f3327311390 200 ::1 GET /getLog 51.106 [Wed, 20 Oct 2021 08:56:24 GMT] - [Mozilla/5.0 (Windows NT 10.0; Win64; x64) AppleWebKit/537.36 (KHTML, like Gecko) Chrome/94.0.4606.81 Safari/537.36]
f43f946c-8e35-4f6b-b5f6-4e15c0415422 500 ::1 POST /generateLogs 53454.971 [Wed, 20 Oct 2021 08:57:25 GMT] - [Mozilla/5.0 (Windows NT 10.0; Win64; x64) AppleWebKit/537.36 (KHTML, like Gecko) Chrome/94.0.4606.81 Safari/537.36]
3d992bb2-f8bf-41d3-b8da-5c7fc6dc2cd9 500 ::1 GET /generateLogs 37.984 [Wed, 20 Oct 2021 08:59:05 GMT] - [Mozilla/5.0 (Windows NT 10.0; Win64; x64) AppleWebKit/537.36 (KHTML, like Gecko) Chrome/94.0.4606.81 Safari/537.36]
73ec204b-3d6a-466b-8797-f1218ba93487 304 ::1 GET /getLog 90.058 [Wed, 20 Oct 2021 09:00:26 GMT] - [Mozilla/5.0 (Windows NT 10.0; Win64; x64) AppleWebKit/537.36 (KHTML, like Gecko) Chrome/94.0.4606.81 Safari/537.36]
7de2ed6b-e514-41ff-a760-1fe66f0849f4 302 ::1 POST /generateLogs 48792.277 [Wed, 20 Oct 2021 09:01:21 GMT] - [Mozilla/5.0 (Windows NT 10.0; Win64; x64) AppleWebKit/537.36 (KHTML, like Gecko) Chrome/94.0.4606.81 Safari/537.36]
550f0e09-9a77-4596-a2cc-9f56a822c583 500 ::1 GET /dashboard 48522.734 [Wed, 20 Oct 2021 09:02:10 GMT] - [Mozilla/5.0 (Windows NT 10.0; Win64; x64) AppleWebKit/537.36 (KHTML, like Gecko) Chrome/94.0.4606.81 Safari/537.36]
de2e293f-2223-4dc1-b934-5c1bbced2c5a 200 ::1 GET / 82.042 [Wed, 20 Oct 2021 09:04:35 GMT] - [Mozilla/5.0 (Windows NT 10.0; Win64; x64) AppleWebKit/537.36 (KHTML, like Gecko) Chrome/94.0.4606.81 Safari/537.36]
726a0e65-5e32-489f-8da5-034709f1f45e 302 ::1 POST /login 405.118 [Wed, 20 Oct 2021 09:04:44 GMT] - [Mozilla/5.0 (Windows NT 10.0; Win64; x64) AppleWebKit/537.36 (KHTML, like Gecko) Chrome/94.0.4606.81 Safari/537.36]
31f90e91-4a83-44a7-b1ac-e30de9d7f9b0 200 ::1 GET /dashboard 41.052 [Wed, 20 Oct 2021 09:04:44 GMT] - [Mozilla/5.0 (Windows NT 10.0; Win64; x64) AppleWebKit/537.36 (KHTML, like Gecko) Chrome/94.0.4606.81 Safari/537.36]
e5ad1de8-8f76-48f8-b2b8-c6a5cbce0bcc 302 ::1 POST /generateLogs 49019.646 [Wed, 20 Oct 2021 09:05:37 GMT] - [Mozilla/5.0 (Windows NT 10.0; Win64; x64) AppleWebKit/537.36 (KHTML, like Gecko) Chrome/94.0.4606.81 Safari/537.36]
946fedac-c409-4885-b1b6-22b66cce1ecc 500 ::1 GET /dashboard 34065.306 [Wed, 20 Oct 2021 09:06:11 GMT] - [Mozilla/5.0 (Windows NT 10.0; Win64; x64) AppleWebKit/537.36 (KHTML, like Gecko) Chrome/94.0.4606.81 Safari/537.36]
662ecd28-0987-44d6-91f5-318fdec5e383 302 ::1 POST /login 287.731 [Wed, 20 Oct 2021 11:06:20 GMT] - [Mozilla/5.0 (Windows NT 10.0; Win64; x64) AppleWebKit/537.36 (KHTML, like Gecko) Chrome/94.0.4606.81 Safari/537.36]
1b42ec4a-c13c-4050-ba19-a6e55a815e27 200 ::1 GET /dashboard 51.456 [Wed, 20 Oct 2021 11:06:20 GMT] - [Mozilla/5.0 (Windows NT 10.0; Win64; x64) AppleWebKit/537.36 (KHTML, like Gecko) Chrome/94.0.4606.81 Safari/537.36]
0dfcb50c-34dc-4cc5-8f35-791006e539d1 - ::1 POST /generateLogs - [Wed, 20 Oct 2021 11:06:49 GMT] - [Mozilla/5.0 (Windows NT 10.0; Win64; x64) AppleWebKit/537.36 (KHTML, like Gecko) Chrome/94.0.4606.81 Safari/537.36]
134f57a1-e93e-4543-be71-aec17985d9a4 - - POST /getLog - [Wed, 20 Oct 2021 11:07:28 GMT] - [Mozilla/5.0 (Windows NT 10.0; Win64; x64) AppleWebKit/537.36 (KHTML, like Gecko) Chrome/94.0.4606.81 Safari/537.36]
44b63165-a9d0-47e4-adad-99a9fc1ba1da 200 ::1 GET /dashboard 41.204 [Wed, 20 Oct 2021 11:10:50 GMT] - [Mozilla/5.0 (Windows NT 10.0; Win64; x64) AppleWebKit/537.36 (KHTML, like Gecko) Chrome/94.0.4606.81 Safari/537.36]
bb249b4f-8e56-4c06-a926-95a3e4e7facd 200 ::1 GET /generateLogs 44.023 [Wed, 20 Oct 2021 11:12:27 GMT] - [Mozilla/5.0 (Windows NT 10.0; Win64; x64) AppleWebKit/537.36 (KHTML, like Gecko) Chrome/94.0.4606.81 Safari/537.36]
e16ea767-033d-4b59-9f3c-a2c52b1e0599 200 ::1 GET / 41.697 [Thu, 28 Oct 2021 07:08:17 GMT] - [Mozilla/5.0 (Windows NT 10.0; Win64; x64) AppleWebKit/537.36 (KHTML, like Gecko) Chrome/95.0.4638.54 Safari/537.36]
9d122496-b88f-45b7-be23-1a053e6698de 302 ::1 POST /login 108.896 [Thu, 28 Oct 2021 07:08:31 GMT] - [Mozilla/5.0 (Windows NT 10.0; Win64; x64) AppleWebKit/537.36 (KHTML, like Gecko) Chrome/95.0.4638.54 Safari/537.36]
d1d1c44c-44f6-4067-af3d-26a363eb9319 200 ::1 GET /dashboard 8.820 [Thu, 28 Oct 2021 07:08:31 GMT] - [Mozilla/5.0 (Windows NT 10.0; Win64; x64) AppleWebKit/537.36 (KHTML, like Gecko) Chrome/95.0.4638.54 Safari/537.36]
a19e2a2d-a158-40e4-ad18-681e81c6abcd 404 ::1 GET /bootstrap/js/bootstrap.bundle.min.js.map 6.133 [Thu, 28 Oct 2021 07:08:38 GMT] - [Mozilla/5.0 (Windows NT 10.0; Win64; x64) AppleWebKit/537.36 (KHTML, like Gecko) Chrome/95.0.4638.54 Safari/537.36]
9aa928cb-fb00-46c9-90db-2e4c7e6c5047 200 ::1 GET /dashboard 7.879 [Thu, 28 Oct 2021 07:08:42 GMT] - [Mozilla/5.0 (Windows NT 10.0; Win64; x64) AppleWebKit/537.36 (KHTML, like Gecko) Chrome/95.0.4638.54 Safari/537.36]
7a17e007-1f17-496c-86ff-a73d9b6750a9 404 ::1 GET /bootstrap/js/bootstrap.bundle.min.js.map 4.901 [Thu, 28 Oct 2021 07:08:42 GMT] - [Mozilla/5.0 (Windows NT 10.0; Win64; x64) AppleWebKit/537.36 (KHTML, like Gecko) Chrome/95.0.4638.54 Safari/537.36]
c924d603-7ae4-4fb4-b35b-21925a7e7734 - ::1 POST /generateLogs - [Thu, 28 Oct 2021 07:10:52 GMT] - [Mozilla/5.0 (Windows NT 10.0; Win64; x64) AppleWebKit/537.36 (KHTML, like Gecko) Chrome/95.0.4638.54 Safari/537.36]
7230d918-25ed-4202-bbd9-5a9360523f37 304 ::1 GET /dashboard 31.371 [Thu, 28 Oct 2021 07:22:17 GMT] - [Mozilla/5.0 (Windows NT 10.0; Win64; x64) AppleWebKit/537.36 (KHTML, like Gecko) Chrome/95.0.4638.54 Safari/537.36]
c22c4b95-e132-4203-8431-838db28ea331 200 ::1 GET /generateLogs 28.201 [Thu, 28 Oct 2021 07:25:45 GMT] - [Mozilla/5.0 (Windows NT 10.0; Win64; x64) AppleWebKit/537.36 (KHTML, like Gecko) Chrome/95.0.4638.54 Safari/537.36]
5ec43168-99ef-43fd-b8f9-7387cfc86277 - ::1 POST /generateLogs - [Thu, 28 Oct 2021 08:48:34 GMT] - [Mozilla/5.0 (Windows NT 10.0; Win64; x64) AppleWebKit/537.36 (KHTML, like Gecko) Chrome/95.0.4638.54 Safari/537.36]
7ffb48e5-b22f-4b63-952d-abe11acf50c0 200 ::1 GET / 147.290 [Tue, 02 Nov 2021 15:17:44 GMT] - [Mozilla/5.0 (Windows NT 10.0; Win64; x64) AppleWebKit/537.36 (KHTML, like Gecko) Chrome/95.0.4638.54 Safari/537.36]
b241a3a2-0b74-496e-9e65-b7020d3b9f24 302 ::1 POST /login 118.264 [Tue, 02 Nov 2021 15:17:55 GMT] - [Mozilla/5.0 (Windows NT 10.0; Win64; x64) AppleWebKit/537.36 (KHTML, like Gecko) Chrome/95.0.4638.54 Safari/537.36]
21735c2b-7510-4c6b-a7fd-f0ec9209f304 200 ::1 GET /dashboard 11.896 [Tue, 02 Nov 2021 15:17:55 GMT] - [Mozilla/5.0 (Windows NT 10.0; Win64; x64) AppleWebKit/537.36 (KHTML, like Gecko) Chrome/95.0.4638.54 Safari/537.36]
